2026-03-10 17:13:04, MOVE, v:1, k:sandbox@user_002, mode:PICK
2026-03-10 17:13:19, EXEC, v:1, k:sandbox@user_002, mode:LOCK, rate:0, size:5
2026-03-10 17:14:18, EXEC, v:1, k:sandbox@user_002, mode:FREE, size:7
2026-03-10 17:15:05, EXEC, v:1, k:sandbox@user_002, mode:FREE
2026-03-10 17:25:43, MOVE, v:1, k:sandbox@user_002, mode:BACK
2026-03-10 17:25:48, MOVE, v:1, k:sandbox@user_002, mode:PICK
2026-03-10 17:31:56, EXEC, v:1, k:sandbox@user_002, mode:FULL, rate:0, size:8
2026-03-10 17:40:02, EXEC, v:1, k:sandbox@user_002, mode:FREE, size:9
2026-03-10 17:40:21, EXEC, v:1, k:sandbox@user_002, mode:FULL, rate:0
2026-03-10 17:41:31, EXEC, v:1, k:sandbox@user_002, mode:FULL, rate:0, size:9
2026-03-10 17:43:19, EXEC, v:1, k:sandbox@user_002, mode:FULL, rate:0, size:10
2026-03-10 17:43:19, EXEC, v:1, k:sandbox@user_002, mode:FULL, rate:0, size:10
2026-03-10 17:44:05, EXEC, v:1, k:sandbox@user_002, mode:FULL, rate:0, size:10
2026-03-10 17:44:28, EXEC, v:1, k:sandbox@user_002, mode:FULL, rate:0, size:11
2026-03-10 17:49:27, EXEC, v:1, k:sandbox@user_002, mode:FULL, rate:0, size:13
2026-03-10 17:49:28, EXEC, v:1, k:sandbox@user_002, mode:FULL, rate:0
2026-03-10 17:52:07, EXEC, v:1, k:sandbox@user_002, mode:FREE
2026-03-10 17:53:35, EXEC, v:1, k:sandbox@user_002, mode:FREE, size:13
2026-03-10 17:57:03, EXEC, v:1, k:sandbox@user_002, mode:FULL, rate:0, size:12
2026-03-10 17:58:07, EXEC, v:1, k:sandbox@user_002, mode:FULL, rate:100, size:12
2026-03-10 17:58:07, EXEC, v:1, k:sandbox@user_002, mode:FULL, rate:100, size:12
2026-03-10 17:58:31, MOVE, v:1, k:sandbox@user_002, mode:BACK
2026-03-10 18:04:04, MOVE, v:1, k:fup@tres, mode:DOWN
2026-03-10 18:04:19, MOVE, v:1, k:fup@tres, mode:PICK
2026-03-10 18:04:56, EXEC, v:1, k:fup@tres, mode:FULL, rate:0, size:5
2026-03-10 18:10:57, EXEC, v:1, k:fup@tres, mode:FULL, rate:100, size:7
2026-03-10 18:10:57, EXEC, v:1, k:fup@tres, mode:FULL, rate:100, size:7
2026-03-10 18:12:34, MOVE, v:1, k:fup@tres, mode:BACK
2026-03-10 18:13:00, MOVE, v:1, k:fup@resto, mode:DOWN
2026-03-10 18:13:01, MOVE, v:1, k:fup@resto, mode:PICK
2026-03-10 18:13:04, EXEC, v:1, k:fup@resto, mode:FULL, rate:0, size:5
2026-03-10 18:20:08, EXEC, v:1, k:fup@resto, mode:FULL, rate:100, size:7
2026-03-10 18:20:08, EXEC, v:1, k:fup@resto, mode:FULL, rate:100, size:7
2026-03-10 18:20:12, MOVE, v:1, k:fup@resto, mode:BACK
2026-03-10 18:20:16, MOVE, v:1, k:fup@media, mode:DOWN
2026-03-10 18:20:16, MOVE, v:1, k:fup@media, mode:PICK
2026-03-10 18:20:18, EXEC, v:1, k:fup@media, mode:FULL, rate:0, size:5
2026-03-10 18:21:39, EXEC, v:1, k:fup@media, mode:FULL, rate:0, size:7
2026-03-10 18:21:39, EXEC, v:1, k:fup@media, mode:FULL, rate:0, size:7
2026-03-10 18:22:01, EXEC, v:1, k:fup@media, mode:FULL, rate:60, size:7
2026-03-10 18:22:01, EXEC, v:1, k:fup@media, mode:FULL, rate:60, size:7
2026-03-10 18:24:47, EXEC, v:1, k:fup@media, mode:FULL, size:7, fail:COMP
2026-03-10 18:24:47, EXEC, v:1, k:fup@media, mode:FULL, size:7, fail:COMP
2026-03-10 18:24:53, EXEC, v:1, k:fup@media, mode:FULL, size:7, fail:COMP
2026-03-10 18:24:53, EXEC, v:1, k:fup@media, mode:FULL, size:7, fail:COMP
2026-03-10 18:24:54, EXEC, v:1, k:fup@media, mode:FULL, size:7, fail:COMP
2026-03-10 18:24:55, EXEC, v:1, k:fup@media, mode:FULL, fail:COMP
2026-03-10 18:24:59, EXEC, v:1, k:fup@media, mode:FULL, fail:COMP
2026-03-10 18:24:59, EXEC, v:1, k:fup@media, mode:FULL, fail:COMP
2026-03-10 18:25:00, EXEC, v:1, k:fup@media, mode:FULL, size:7, fail:COMP
2026-03-10 18:25:00, EXEC, v:1, k:fup@media, mode:FULL, size:7, fail:COMP
2026-03-10 18:25:23, EXEC, v:1, k:fup@media, mode:FULL, rate:60, size:7
2026-03-10 18:25:23, EXEC, v:1, k:fup@media, mode:FULL, rate:60, size:7
2026-03-10 18:25:57, MOVE, v:1, k:fup@media, mode:BACK
2026-03-10 18:27:07, SELF, v:1, k:fup@tres, self:1, rate:100, study:10, guided:1
2026-03-10 18:27:28, SELF, v:1, k:fup@resto, self:1, rate:100, study:10, guided:1
2026-03-10 18:28:05, SELF, v:1, k:fup@tres, self:1, rate:100, study:10, guided:1
