2026-03-30 15:04:18, MOVE, v:1, k:fup@semana, mode:DOWN
2026-03-30 15:04:19, MOVE, v:1, k:fup@semana, mode:PICK
2026-03-30 15:04:58, EXEC, v:1, k:fup@semana, mode:FULL, rate:0, size:5
2026-03-30 15:21:50, EXEC, v:1, k:fup@semana, mode:FULL, rate:0, size:31
2026-03-30 15:22:13, EXEC, v:1, k:fup@semana, mode:FULL, rate:0, size:31
2026-03-30 15:22:23, EXEC, v:1, k:fup@semana, mode:FULL, rate:0, size:31
2026-03-30 15:24:53, EXEC, v:1, k:fup@semana, mode:FULL, rate:0, size:28
2026-03-30 15:26:28, EXEC, v:1, k:fup@semana, mode:FULL, rate:42, size:23
2026-03-30 15:27:03, EXEC, v:1, k:fup@semana, mode:FULL, rate:42, size:23
2026-03-30 15:27:20, EXEC, v:1, k:fup@semana, mode:FULL, rate:42, size:23
2026-03-30 15:27:27, EXEC, v:1, k:fup@semana, mode:FULL, rate:42, size:23
2026-03-30 15:29:46, EXEC, v:1, k:fup@semana, mode:FULL, rate:42, size:23
2026-03-30 15:30:43, EXEC, v:1, k:fup@semana, mode:FULL, rate:42, size:23
2026-03-30 15:31:11, EXEC, v:1, k:fup@semana, mode:FULL, rate:42, size:23
2026-03-30 15:34:38, EXEC, v:1, k:fup@semana, mode:FULL, rate:42, size:23
2026-03-30 15:35:56, EXEC, v:1, k:fup@semana, mode:FULL, rate:52, size:23
2026-03-30 15:36:16, EXEC, v:1, k:fup@semana, mode:FULL, rate:63, size:23
2026-03-30 15:36:25, EXEC, v:1, k:fup@semana, mode:FULL, rate:52, size:23
2026-03-30 15:37:33, EXEC, v:1, k:fup@semana, mode:FULL, rate:78, size:23
2026-03-30 15:38:13, EXEC, v:1, k:fup@semana, mode:FULL, rate:78, size:25
2026-03-30 15:39:25, EXEC, v:1, k:fup@semana, mode:FULL, rate:84, size:26
2026-03-30 15:39:40, EXEC, v:1, k:fup@semana, mode:FULL, rate:94, size:26
2026-03-30 15:42:12, EXEC, v:1, k:fup@semana, mode:FULL, rate:94, size:26
2026-03-30 15:44:33, EXEC, v:1, k:fup@semana, mode:FULL, rate:68, size:26
2026-03-30 15:45:23, EXEC, v:1, k:fup@semana, mode:FULL, rate:100, size:26
2026-03-30 15:45:34, MOVE, v:1, k:fup@semana, mode:BACK
2026-03-30 15:54:54, SELF, v:1, k:fup@final, self:1, rate:80, study:41, friend:Monitores Amelia e Cesario
2026-03-30 15:56:28, MOVE, v:1, k:fup@impar, mode:PICK
2026-03-30 15:57:39, EXEC, v:1, k:fup@impar, mode:FULL, rate:0, size:12
2026-03-30 16:03:15, EXEC, v:1, k:fup@impar, mode:FULL, rate:35, size:22
2026-03-30 16:04:21, EXEC, v:1, k:fup@impar, mode:FULL, rate:71, size:24
2026-03-30 16:06:23, EXEC, v:1, k:fup@impar, mode:FULL, rate:100, size:24
2026-03-30 16:06:42, EXEC, v:1, k:fup@impar, mode:FULL, rate:100
2026-03-30 16:06:45, EXEC, v:1, k:fup@impar, mode:FULL, rate:100
2026-03-30 16:06:48, MOVE, v:1, k:fup@impar, mode:BACK
2026-03-30 16:06:59, MOVE, v:1, k:fup@impar, mode:PICK
2026-03-30 16:07:25, EXEC, v:1, k:fup@impar, mode:FULL, rate:100, size:24
2026-03-30 16:07:35, MOVE, v:1, k:fup@impar, mode:BACK
2026-03-30 16:07:46, MOVE, v:1, k:fup@impar, mode:PICK
2026-03-30 16:07:48, MOVE, v:1, k:fup@impar, mode:BACK
2026-03-30 16:08:05, SELF, v:1, k:fup@impar, self:1, rate:100, study:35
