2026-04-01 15:08:07, MOVE, v:1, k:fup@cortada, mode:PICK
2026-04-01 15:09:42, EXEC, v:1, k:fup@cortada, mode:FULL, size:6, fail:COMP
2026-04-01 15:09:49, EXEC, v:1, k:fup@cortada, mode:FULL, rate:0, size:5
2026-04-01 15:20:41, EXEC, v:1, k:fup@cortada, mode:FULL, rate:0, size:19
2026-04-01 15:21:25, EXEC, v:1, k:fup@cortada, mode:FULL, rate:100, size:21
2026-04-01 15:22:39, MOVE, v:1, k:fup@cortada, mode:BACK
2026-04-01 15:22:59, SELF, v:1, k:fup@cortada, self:1, rate:100, study:8, friend:Monitor Matheus
2026-04-01 15:23:08, MOVE, v:1, k:fup@teleferico, mode:DOWN
2026-04-01 15:23:09, MOVE, v:1, k:fup@teleferico, mode:PICK
2026-04-01 15:28:27, EXEC, v:1, k:fup@teleferico, mode:FULL, rate:0, size:10
2026-04-01 15:31:39, MOVE, v:1, k:fup@teleferico, mode:BACK
2026-04-01 15:31:47, MOVE, v:1, k:fup@game10, mode:DOWN
2026-04-01 15:31:47, MOVE, v:1, k:fup@game10, mode:PICK
2026-04-01 15:33:33, MOVE, v:1, k:fup@game10, mode:BACK
2026-04-01 15:33:48, MOVE, v:1, k:fup@maximo, mode:DOWN
2026-04-01 15:33:49, MOVE, v:1, k:fup@maximo, mode:PICK
2026-04-01 15:35:27, EXEC, v:1, k:fup@maximo, mode:FULL, rate:100, size:13
2026-04-01 15:35:28, MOVE, v:1, k:fup@maximo, mode:BACK
2026-04-01 15:35:54, SELF, v:1, k:fup@maximo, self:1, rate:100, study:1
2026-04-01 15:35:58, MOVE, v:1, k:fup@chaves, mode:DOWN
2026-04-01 15:35:59, MOVE, v:1, k:fup@chaves, mode:PICK
2026-04-01 15:38:21, EXEC, v:1, k:fup@chaves, mode:FULL, rate:50, size:14
2026-04-01 15:38:33, EXEC, v:1, k:fup@chaves, mode:FULL, rate:100, size:14
2026-04-01 15:38:38, MOVE, v:1, k:fup@chaves, mode:BACK
2026-04-01 15:38:58, SELF, v:1, k:fup@chaves, self:1, rate:100, study:2
2026-04-01 15:39:07, SELF, v:1, k:fup@maximo, self:1, rate:100, study:2
2026-04-01 15:39:08, MOVE, v:1, k:fup@maximo, mode:PICK
2026-04-01 15:39:09, MOVE, v:1, k:fup@maximo, mode:BACK
2026-04-01 15:39:15, MOVE, v:1, k:fup@impedido, mode:DOWN
2026-04-01 15:39:15, MOVE, v:1, k:fup@impedido, mode:PICK
2026-04-01 15:41:46, EXEC, v:1, k:fup@impedido, mode:FULL, rate:100, size:12
2026-04-01 15:41:52, MOVE, v:1, k:fup@impedido, mode:BACK
2026-04-01 15:42:09, MOVE, v:1, k:fup@par, mode:DOWN
2026-04-01 15:42:10, MOVE, v:1, k:fup@par, mode:PICK
2026-04-01 15:43:33, EXEC, v:1, k:fup@par, mode:FULL, rate:42, size:12
2026-04-01 15:43:59, EXEC, v:1, k:fup@par, mode:FULL, size:12, fail:COMP
2026-04-01 15:44:12, EXEC, v:1, k:fup@par, mode:FULL, rate:42, size:12
2026-04-01 15:44:46, EXEC, v:1, k:fup@par, mode:FULL, rate:57, size:12
2026-04-01 15:45:53, EXEC, v:1, k:fup@par, mode:FULL, rate:42, size:12
2026-04-01 15:46:44, EXEC, v:1, k:fup@par, mode:FULL, rate:57, size:12
2026-04-01 15:47:08, MOVE, v:1, k:fup@par, mode:BACK
2026-04-01 15:47:19, MOVE, v:1, k:fup@impar, mode:PICK
2026-04-01 15:47:52, EXEC, v:1, k:fup@impar, mode:FULL, rate:100
2026-04-01 15:47:53, MOVE, v:1, k:fup@impar, mode:BACK
2026-04-01 15:47:58, MOVE, v:1, k:fup@divisiveis, mode:DOWN
2026-04-01 15:48:01, MOVE, v:1, k:fup@par, mode:PICK
2026-04-01 15:48:02, EXEC, v:1, k:fup@par, mode:FULL, rate:42, size:12
2026-04-01 15:48:16, EXEC, v:1, k:fup@par, mode:FULL, rate:42
2026-04-01 15:48:41, MOVE, v:1, k:fup@par, mode:BACK
2026-04-01 15:49:09, SELF, v:1, k:fup@impedido, self:1, rate:100, study:2
2026-04-01 15:49:19, MOVE, v:1, k:fup@chute, mode:DOWN
2026-04-01 15:49:19, MOVE, v:1, k:fup@chute, mode:PICK
2026-04-01 15:54:16, EXEC, v:1, k:fup@chute, mode:FULL, rate:0, size:13
2026-04-01 15:55:29, EXEC, v:1, k:fup@chute, mode:FULL, rate:0, size:13
2026-04-01 15:56:37, EXEC, v:1, k:fup@chute, mode:FULL, rate:60, size:17
2026-04-01 15:57:10, EXEC, v:1, k:fup@chute, mode:FULL, rate:60, size:17
2026-04-01 15:57:50, EXEC, v:1, k:fup@chute, mode:FULL, rate:60, size:17
2026-04-01 16:00:35, EXEC, v:1, k:fup@chute, mode:FULL, rate:50, size:17
2026-04-01 16:00:46, EXEC, v:1, k:fup@chute, mode:FULL, rate:50, size:17
2026-04-01 16:00:53, EXEC, v:1, k:fup@chute, mode:FULL, rate:20, size:17
2026-04-01 16:01:17, EXEC, v:1, k:fup@chute, mode:FULL, rate:50, size:19
2026-04-01 16:01:40, EXEC, v:1, k:fup@chute, mode:FULL, rate:50, size:17
2026-04-01 16:01:50, EXEC, v:1, k:fup@chute, mode:FULL, rate:50, size:17
2026-04-01 16:08:12, EXEC, v:1, k:fup@chute, mode:FULL, size:23, fail:COMP
2026-04-01 16:08:51, EXEC, v:1, k:fup@chute, mode:FULL, rate:100, size:23
2026-04-01 16:08:58, MOVE, v:1, k:fup@chute, mode:BACK
2026-04-01 16:09:16, SELF, v:1, k:fup@chute, self:1, rate:100, study:19
2026-04-01 16:09:33, MOVE, v:1, k:fup@zerinho, mode:DOWN
2026-04-01 16:09:33, MOVE, v:1, k:fup@zerinho, mode:PICK
2026-04-01 16:12:38, EXEC, v:1, k:fup@zerinho, mode:FULL, rate:0, size:13
2026-04-01 16:14:58, EXEC, v:1, k:fup@zerinho, mode:FULL, rate:75, size:18
2026-04-01 16:15:12, EXEC, v:1, k:fup@zerinho, mode:FULL, rate:100, size:18
2026-04-01 16:15:17, MOVE, v:1, k:fup@zerinho, mode:BACK
2026-04-01 16:15:38, SELF, v:1, k:fup@zerinho, self:1, rate:100, study:5
2026-04-01 16:16:56, MOVE, v:1, k:fup@loop_ii, mode:PICK
2026-04-01 16:17:44, EXEC, v:1, k:fup@loop_ii, mode:FULL, rate:0, size:9
2026-04-01 16:17:54, EXEC, v:1, k:fup@loop_ii, mode:FULL, rate:0
2026-04-01 16:18:20, MOVE, v:1, k:fup@loop_ii, mode:BACK
2026-04-01 16:21:59, MOVE, v:1, k:fup@loop_ii, mode:PICK
2026-04-01 16:22:17, EXEC, v:1, k:fup@loop_ii, mode:FULL, rate:0, size:9
2026-04-01 16:22:54, EXEC, v:1, k:fup@loop_ii, mode:FULL, rate:0, size:9
2026-04-01 16:23:37, EXEC, v:1, k:fup@loop_ii, mode:FULL, rate:0, size:9
2026-04-01 16:23:54, EXEC, v:1, k:fup@loop_ii, mode:FULL, rate:0, size:9
2026-04-01 16:25:43, EXEC, v:1, k:fup@loop_ii, mode:FULL, rate:0, size:13
2026-04-01 16:25:59, EXEC, v:1, k:fup@loop_ii, mode:FULL, rate:0
2026-04-01 16:26:22, EXEC, v:1, k:fup@loop_ii, mode:FULL, rate:0, size:13
2026-04-01 16:26:32, EXEC, v:1, k:fup@loop_ii, mode:FULL, rate:0
2026-04-01 16:27:21, EXEC, v:1, k:fup@loop_ii, mode:FULL, rate:0, size:13
2026-04-01 16:27:39, EXEC, v:1, k:fup@loop_ii, mode:FULL, rate:0, size:13
2026-04-01 16:28:04, EXEC, v:1, k:fup@loop_ii, mode:FULL, rate:0, size:0
2026-04-01 16:28:46, EXEC, v:1, k:fup@loop_ii, mode:FULL, rate:100, size:13
2026-04-01 16:28:58, EXEC, v:1, k:fup@loop_ii, mode:FULL, rate:100
2026-04-01 16:29:15, EXEC, v:1, k:fup@loop_ii, mode:FULL, rate:100
2026-04-01 16:29:22, EXEC, v:1, k:fup@loop_ii, mode:FULL, rate:100, size:13
2026-04-01 16:29:24, EXEC, v:1, k:fup@loop_ii, mode:FULL, rate:100
2026-04-01 16:29:52, MOVE, v:1, k:fup@loop_ii, mode:BACK
2026-04-01 16:30:25, SELF, v:1, k:fup@loop_ii, self:1, rate:100, study:10, friend:Monitor Joao David
