2026-04-06 15:13:54, MOVE, v:1, k:fup@loop_ii, mode:PICK
2026-04-06 15:14:21, MOVE, v:1, k:fup@loop_ii, mode:BACK
2026-04-06 15:14:30, MOVE, v:1, k:fup@loop_iii, mode:PICK
2026-04-06 15:19:35, EXEC, v:1, k:fup@loop_iii, mode:FULL, rate:0, size:12
2026-04-06 15:19:54, EXEC, v:1, k:fup@loop_iii, mode:FULL, rate:100, size:12
2026-04-06 15:20:11, EXEC, v:1, k:fup@loop_iii, mode:FULL, rate:0, size:12
2026-04-06 15:20:14, EXEC, v:1, k:fup@loop_iii, mode:FULL, rate:0
2026-04-06 15:20:25, EXEC, v:1, k:fup@loop_iii, mode:FULL, rate:100, size:12
2026-04-06 15:20:32, MOVE, v:1, k:fup@loop_iii, mode:BACK
2026-04-06 15:20:42, MOVE, v:1, k:fup@loop_iv, mode:DOWN
2026-04-06 15:20:44, MOVE, v:1, k:fup@loop_iv, mode:PICK
2026-04-06 15:25:37, EXEC, v:1, k:fup@loop_iv, mode:FULL, rate:0, size:13
2026-04-06 15:25:48, EXEC, v:1, k:fup@loop_iv, mode:FULL, rate:0, size:13
2026-04-06 15:26:09, EXEC, v:1, k:fup@loop_iv, mode:FULL, rate:0, size:13
2026-04-06 15:26:14, EXEC, v:1, k:fup@loop_iv, mode:FULL, rate:0
2026-04-06 15:29:29, EXEC, v:1, k:fup@loop_iv, mode:FULL, size:20, fail:COMP
2026-04-06 15:30:08, EXEC, v:1, k:fup@loop_iv, mode:FULL, rate:0, size:21
2026-04-06 15:30:11, MOVE, v:1, k:fup@loop_iv, mode:BACK
2026-04-06 15:30:16, MOVE, v:1, k:fup@loop_i, mode:PICK
2026-04-06 15:30:51, EXEC, v:1, k:fup@loop_i, mode:FULL, rate:100
2026-04-06 15:32:27, MOVE, v:1, k:fup@loop_i, mode:BACK
2026-04-06 15:32:55, MOVE, v:1, k:fup@loop_iii, mode:PICK
2026-04-06 15:32:57, EXEC, v:1, k:fup@loop_iii, mode:FULL, rate:100
2026-04-06 15:32:58, MOVE, v:1, k:fup@loop_iii, mode:BACK
2026-04-06 15:33:00, MOVE, v:1, k:fup@loop_iv, mode:PICK
2026-04-06 15:33:01, EXEC, v:1, k:fup@loop_iv, mode:FULL, rate:0, size:21
2026-04-06 15:33:55, EXEC, v:1, k:fup@loop_iv, mode:FULL, rate:0, size:21
2026-04-06 15:34:10, EXEC, v:1, k:fup@loop_iv, mode:FULL, rate:0, size:21
2026-04-06 15:34:23, EXEC, v:1, k:fup@loop_iv, mode:FULL, rate:50, size:21
2026-04-06 15:34:35, EXEC, v:1, k:fup@loop_iv, mode:FULL, rate:0, size:21
2026-04-06 15:34:42, EXEC, v:1, k:fup@loop_iv, mode:FULL, rate:50, size:21
2026-04-06 15:34:52, EXEC, v:1, k:fup@loop_iv, mode:FULL, rate:50, size:21
2026-04-06 15:35:04, EXEC, v:1, k:fup@loop_iv, mode:FULL, rate:50, size:21
2026-04-06 15:35:56, EXEC, v:1, k:fup@loop_iv, mode:FULL, size:21, fail:COMP
2026-04-06 15:36:25, EXEC, v:1, k:fup@loop_iv, mode:FULL, rate:50, size:21
2026-04-06 15:36:46, EXEC, v:1, k:fup@loop_iv, mode:FULL, rate:50, size:21
2026-04-06 15:37:01, EXEC, v:1, k:fup@loop_iv, mode:FULL, rate:50, size:21
2026-04-06 15:37:47, EXEC, v:1, k:fup@loop_iv, mode:FULL, rate:50, size:21
2026-04-06 15:38:11, EXEC, v:1, k:fup@loop_iv, mode:FULL, rate:50, size:21
2026-04-06 15:40:48, EXEC, v:1, k:fup@loop_iv, mode:FULL, rate:50, size:21
2026-04-06 15:42:42, EXEC, v:1, k:fup@loop_iv, mode:FULL, rate:50, size:20
2026-04-06 15:42:52, EXEC, v:1, k:fup@loop_iv, mode:FULL, rate:100, size:20
2026-04-06 15:43:10, MOVE, v:1, k:fup@loop_iv, mode:BACK
2026-04-06 15:46:31, MOVE, v:1, k:fup@loop_v, mode:DOWN
2026-04-06 15:46:32, MOVE, v:1, k:fup@loop_v, mode:PICK
2026-04-06 15:47:39, MOVE, v:1, k:fup@loop_v, mode:BACK
2026-04-06 15:48:40, SELF, v:1, k:fup@loop_iii, self:1, rate:100, study:6
2026-04-06 15:49:27, SELF, v:1, k:fup@loop_iv, self:1, rate:100, study:9
2026-04-06 15:49:46, SELF, v:1, k:fup@loop_ii, self:1, rate:100, study:24, friend:Monitor Joao David
2026-04-06 15:49:59, SELF, v:1, k:fup@loop_ii, self:1, rate:100, study:24, friend:Monitor Joao David
