2026-04-09 15:12:32, MOVE, v:1, k:fup@concentra, mode:DOWN
2026-04-09 15:12:34, MOVE, v:1, k:fup@concentra, mode:PICK
2026-04-09 15:12:32, MOVE, v:1, k:fup@concentra, mode:EDIT
2026-04-09 15:12:32, MOVE, v:1, k:fup@concentra, mode:EDIT
2026-04-09 15:16:09, MOVE, v:1, k:fup@concentra, mode:EDIT
2026-04-09 15:18:29, EXEC, v:1, k:fup@concentra, mode:FULL, rate:0, size:14
2026-04-09 15:18:58, EXEC, v:1, k:fup@concentra, mode:FULL, rate:0, size:14
2026-04-09 15:19:08, EXEC, v:1, k:fup@concentra, mode:FULL, rate:0
2026-04-09 15:19:37, MOVE, v:1, k:fup@concentra, mode:BACK
2026-04-09 15:19:39, MOVE, v:1, k:fup@colorido, mode:PICK
2026-04-09 15:20:37, EXEC, v:1, k:fup@colorido, mode:FULL, rate:16
2026-04-09 15:20:46, MOVE, v:1, k:fup@colorido, mode:BACK
2026-04-09 15:20:49, MOVE, v:1, k:fup@concentra, mode:PICK
2026-04-09 15:20:56, EXEC, v:1, k:fup@concentra, mode:FULL, rate:0, size:14
2026-04-09 15:21:33, EXEC, v:1, k:fup@concentra, mode:FULL, rate:0, size:14
2026-04-09 15:21:31, MOVE, v:1, k:fup@concentra, mode:EDIT
2026-04-09 15:21:33, MOVE, v:1, k:fup@concentra, mode:EDIT
2026-04-09 15:20:37, MOVE, v:1, k:fup@colorido, mode:EDIT
2026-04-09 15:20:52, MOVE, v:1, k:fup@concentra, mode:EDIT
2026-04-09 15:21:55, EXEC, v:1, k:fup@concentra, mode:FULL, rate:0, size:14
2026-04-09 15:22:00, EXEC, v:1, k:fup@concentra, mode:FULL, rate:0
2026-04-09 15:22:03, EXEC, v:1, k:fup@concentra, mode:FULL, rate:0, size:14
2026-04-09 15:22:44, EXEC, v:1, k:fup@concentra, mode:FULL, rate:0, size:14
2026-04-09 15:23:08, EXEC, v:1, k:fup@concentra, mode:FULL, rate:0, size:14
2026-04-09 15:23:54, EXEC, v:1, k:fup@concentra, mode:FULL, size:15, fail:COMP
2026-04-09 15:23:55, EXEC, v:1, k:fup@concentra, mode:FULL, rate:0, size:15
2026-04-09 15:25:56, EXEC, v:1, k:fup@concentra, mode:FULL, rate:0, size:21
2026-04-09 15:26:07, EXEC, v:1, k:fup@concentra, mode:FULL, rate:0, size:21
2026-04-09 15:26:19, EXEC, v:1, k:fup@concentra, mode:FULL, rate:0, size:21
2026-04-09 15:26:38, EXEC, v:1, k:fup@concentra, mode:FULL, rate:0, size:21
2026-04-09 15:26:37, MOVE, v:1, k:fup@concentra, mode:EDIT
2026-04-09 15:26:38, MOVE, v:1, k:fup@concentra, mode:EDIT
2026-04-09 15:26:49, EXEC, v:1, k:fup@concentra, mode:FULL, rate:0, size:21
2026-04-09 15:27:06, EXEC, v:1, k:fup@concentra, mode:FULL, rate:0, size:21
2026-04-09 15:27:17, EXEC, v:1, k:fup@concentra, mode:FULL, rate:0, size:21
2026-04-09 15:27:35, EXEC, v:1, k:fup@concentra, mode:FULL, rate:0, size:21
2026-04-09 15:28:01, EXEC, v:1, k:fup@concentra, mode:FULL, rate:0, size:21
2026-04-09 15:29:35, EXEC, v:1, k:fup@concentra, mode:FULL, rate:0, size:21
2026-04-09 15:29:55, EXEC, v:1, k:fup@concentra, mode:FULL, rate:0, size:22
2026-04-09 15:30:12, EXEC, v:1, k:fup@concentra, mode:FULL, rate:0, size:22
2026-04-09 15:30:31, EXEC, v:1, k:fup@concentra, mode:FULL, rate:0, size:22
2026-04-09 15:30:38, EXEC, v:1, k:fup@concentra, mode:FULL, rate:0
2026-04-09 15:30:39, EXEC, v:1, k:fup@concentra, mode:FULL, rate:0
2026-04-09 15:31:43, MOVE, v:1, k:fup@concentra, mode:EDIT
2026-04-09 15:30:39, MOVE, v:1, k:fup@concentra, mode:EDIT
2026-04-09 15:31:55, EXEC, v:1, k:fup@concentra, mode:FULL, rate:0, size:22
2026-04-09 15:32:08, EXEC, v:1, k:fup@concentra, mode:FULL, rate:0
2026-04-09 15:32:09, EXEC, v:1, k:fup@concentra, mode:FULL, rate:0
2026-04-09 15:32:20, EXEC, v:1, k:fup@concentra, mode:FULL, rate:0, size:22
2026-04-09 15:32:30, EXEC, v:1, k:fup@concentra, mode:FULL, rate:0, size:22
2026-04-09 15:34:48, EXEC, v:1, k:fup@concentra, mode:FULL, rate:0, size:22
2026-04-09 15:36:37, MOVE, v:1, k:fup@concentra, mode:EDIT
2026-04-09 15:34:46, MOVE, v:1, k:fup@concentra, mode:EDIT
2026-04-09 15:39:18, EXEC, v:1, k:fup@concentra, mode:FULL, rate:0, size:22
2026-04-09 15:39:40, EXEC, v:1, k:fup@concentra, mode:FULL, rate:0, size:22
2026-04-09 15:39:46, EXEC, v:1, k:fup@concentra, mode:FULL, rate:0
2026-04-09 15:39:58, EXEC, v:1, k:fup@concentra, mode:FULL, rate:0, size:22
2026-04-09 15:40:05, EXEC, v:1, k:fup@concentra, mode:FULL, rate:0
2026-04-09 15:41:20, EXEC, v:1, k:fup@concentra, mode:FULL, rate:0, size:22
2026-04-09 15:41:34, EXEC, v:1, k:fup@concentra, mode:FULL, rate:0
2026-04-09 15:41:44, MOVE, v:1, k:fup@concentra, mode:EDIT
2026-04-09 15:41:33, MOVE, v:1, k:fup@concentra, mode:EDIT
2026-04-09 15:41:46, EXEC, v:1, k:fup@concentra, mode:FULL, rate:0, size:22
2026-04-09 15:42:08, EXEC, v:1, k:fup@concentra, mode:FULL, rate:40, size:22
2026-04-09 15:43:35, EXEC, v:1, k:fup@concentra, mode:FULL, rate:0, size:23
2026-04-09 15:43:51, EXEC, v:1, k:fup@concentra, mode:FULL, rate:100, size:23
2026-04-09 15:43:51, MOVE, v:1, k:fup@concentra, mode:EDIT
2026-04-09 15:46:44, MOVE, v:1, k:fup@concentra, mode:EDIT
2026-04-09 15:47:23, EXEC, v:1, k:fup@concentra, mode:FULL, rate:0, size:22
2026-04-09 15:47:52, EXEC, v:1, k:fup@concentra, mode:FULL, rate:100, size:22
2026-04-09 15:50:31, MOVE, v:1, k:fup@concentra, mode:BACK
2026-04-09 15:50:57, SELF, v:1, k:fup@concentra, self:1, rate:100, study:36, friend:Monitor Heitor
2026-04-09 15:52:13, MOVE, v:1, k:fup@colorido, mode:PICK
2026-04-09 15:52:28, EXEC, v:1, k:fup@colorido, mode:FULL, rate:16
2026-04-09 15:52:56, MOVE, v:1, k:fup@colorido, mode:BACK
2026-04-09 15:53:23, MOVE, v:1, k:fup@spok, mode:DOWN
2026-04-09 15:53:24, MOVE, v:1, k:fup@spok, mode:PICK
2026-04-09 15:54:39, EXEC, v:1, k:fup@spok, mode:FULL, rate:0, size:5
2026-04-09 15:52:28, MOVE, v:1, k:fup@colorido, mode:EDIT
2026-04-09 15:53:23, MOVE, v:1, k:fup@spok, mode:EDIT
2026-04-09 15:53:23, MOVE, v:1, k:fup@spok, mode:EDIT
2026-04-09 15:54:39, MOVE, v:1, k:fup@spok, mode:EDIT
2026-04-09 15:58:12, MOVE, v:1, k:fup@spok, mode:BACK
2026-04-09 15:58:15, MOVE, v:1, k:fup@colorido, mode:PICK
2026-04-09 15:58:23, EXEC, v:1, k:fup@colorido, mode:FULL, rate:16
2026-04-09 15:56:52, MOVE, v:1, k:fup@spok, mode:EDIT
2026-04-09 15:58:23, MOVE, v:1, k:fup@colorido, mode:EDIT
2026-04-09 16:00:38, MOVE, v:1, k:fup@colorido, mode:EDIT
2026-04-09 16:01:16, EXEC, v:1, k:fup@colorido, mode:FULL, rate:0, size:31
2026-04-09 16:04:39, MOVE, v:1, k:fup@colorido, mode:EDIT
2026-04-09 16:01:16, MOVE, v:1, k:fup@colorido, mode:EDIT
2026-04-09 16:06:49, EXEC, v:1, k:fup@colorido, mode:FULL, rate:16, size:30
2026-04-09 16:07:03, EXEC, v:1, k:fup@colorido, mode:FULL, rate:100, size:30
2026-04-09 16:07:33, MOVE, v:1, k:fup@colorido, mode:BACK
2026-04-09 16:08:08, SELF, v:1, k:fup@colorido, self:1, rate:100, study:44, friend:Monitor Heitor
2026-04-09 16:09:58, MOVE, v:1, k:fup@spok, mode:PICK
2026-04-09 16:10:24, EXEC, v:1, k:fup@spok, mode:FULL, rate:0, size:8
2026-04-09 16:11:51, MOVE, v:1, k:fup@spok, mode:BACK
