2026-04-07 15:28:16, MOVE, v:1, k:fup@filhos, mode:DOWN
2026-04-07 15:28:16, MOVE, v:1, k:fup@filhos, mode:PICK
2026-04-07 15:28:25, EXEC, v:1, k:fup@filhos, mode:FULL, rate:0, size:5
2026-04-07 15:31:22, MOVE, v:1, k:fup@sapatos, mode:PICK
2026-04-07 15:39:09, EXEC, v:1, k:fup@filhos, mode:FULL, rate:0, size:13
2026-04-07 15:39:37, EXEC, v:1, k:fup@filhos, mode:FULL, rate:0, size:13
2026-04-07 15:40:22, EXEC, v:1, k:fup@filhos, mode:FULL, size:15, fail:COMP
2026-04-07 15:40:27, EXEC, v:1, k:fup@filhos, mode:FULL, rate:0, size:15
2026-04-07 15:42:47, EXEC, v:1, k:fup@filhos, mode:FULL, rate:0, size:13
2026-04-07 15:49:12, EXEC, v:1, k:fup@filhos, mode:FULL, rate:0, size:13
2026-04-07 15:49:53, EXEC, v:1, k:fup@filhos, mode:FULL, rate:0, size:13
2026-04-07 15:50:25, EXEC, v:1, k:fup@filhos, mode:FULL, rate:100, size:13
2026-04-07 15:52:30, MOVE, v:1, k:fup@filhos, mode:BACK
2026-04-07 15:52:47, SELF, v:1, k:fup@filhos, self:1, rate:100, friend:Mario
2026-04-07 15:52:57, MOVE, v:1, k:fup@ceu, mode:DOWN
2026-04-07 15:52:58, MOVE, v:1, k:fup@ceu, mode:PICK
2026-04-07 15:54:38, EXEC, v:1, k:fup@ceu, mode:FULL, rate:0, size:9
2026-04-07 15:55:31, EXEC, v:1, k:fup@ceu, mode:FULL, rate:0, size:9
2026-04-07 15:58:01, MOVE, v:1, k:fup@ceu, mode:BACK
2026-04-07 16:29:39, MOVE, v:1, k:fup@ceu, mode:PICK
2026-04-07 16:33:19, EXEC, v:1, k:fup@ceu, mode:FULL, rate:0, size:14
2026-04-07 16:33:51, EXEC, v:1, k:fup@ceu, mode:FULL, rate:0, size:15
2026-04-07 16:34:06, EXEC, v:1, k:fup@ceu, mode:FULL, rate:0, size:15
2026-04-07 16:34:21, EXEC, v:1, k:fup@ceu, mode:FULL, rate:0, size:15
2026-04-07 16:34:20, MOVE, v:1, k:fup@ceu, mode:EDIT
2026-04-07 16:34:21, MOVE, v:1, k:fup@ceu, mode:EDIT
2026-04-07 16:34:44, EXEC, v:1, k:fup@ceu, mode:FULL, rate:0, size:15
2026-04-07 16:34:59, EXEC, v:1, k:fup@ceu, mode:FULL, rate:0, size:15
2026-04-07 16:35:00, EXEC, v:1, k:fup@ceu, mode:FULL, rate:0
2026-04-07 16:35:54, EXEC, v:1, k:fup@ceu, mode:FULL, rate:0, size:5
2026-04-07 16:36:58, MOVE, v:1, k:fup@ceu, mode:EDIT
2026-04-07 16:35:54, MOVE, v:1, k:fup@ceu, mode:EDIT
2026-04-07 16:42:18, MOVE, v:1, k:fup@ceu, mode:EDIT
2026-04-07 16:49:27, MOVE, v:1, k:fup@ceu, mode:EDIT
2026-04-07 16:49:44, EXEC, v:1, k:fup@ceu, mode:FULL, rate:0, size:15
2026-04-07 16:49:55, EXEC, v:1, k:fup@ceu, mode:FULL, rate:0, size:15
2026-04-07 16:50:07, EXEC, v:1, k:fup@ceu, mode:FULL, rate:0, size:15
2026-04-07 16:50:47, EXEC, v:1, k:fup@ceu, mode:FULL, rate:0, size:15
2026-04-07 16:50:56, EXEC, v:1, k:fup@ceu, mode:FULL, rate:0, size:15
2026-04-07 16:51:02, EXEC, v:1, k:fup@ceu, mode:FULL, rate:0
2026-04-07 16:51:28, EXEC, v:1, k:fup@ceu, mode:FULL, rate:0, size:15
2026-04-07 16:51:37, EXEC, v:1, k:fup@ceu, mode:FULL, rate:0, size:15
2026-04-07 16:51:40, EXEC, v:1, k:fup@ceu, mode:FULL, rate:0
2026-04-07 16:51:43, EXEC, v:1, k:fup@ceu, mode:FULL, rate:0, size:15
2026-04-07 16:52:04, MOVE, v:1, k:fup@ceu, mode:BACK
2026-04-07 16:52:15, MOVE, v:1, k:fup@loop_v, mode:PICK
2026-04-07 16:52:43, MOVE, v:1, k:fup@loop_v, mode:BACK
2026-04-07 16:52:48, MOVE, v:1, k:fup@ceu, mode:PICK
2026-04-07 16:53:12, EXEC, v:1, k:fup@ceu, mode:FULL, rate:0
2026-04-07 16:54:13, EXEC, v:1, k:fup@ceu, mode:FULL, rate:0, size:18
2026-04-07 16:54:26, EXEC, v:1, k:fup@ceu, mode:FULL, rate:0
2026-04-07 16:54:37, EXEC, v:1, k:fup@ceu, mode:FULL, rate:0, size:15
2026-04-07 16:54:45, EXEC, v:1, k:fup@ceu, mode:FULL, rate:0, size:15
2026-04-07 16:55:03, EXEC, v:1, k:fup@ceu, mode:FULL, rate:0, size:15
2026-04-07 16:55:08, EXEC, v:1, k:fup@ceu, mode:FULL, rate:0
2026-04-07 16:55:15, EXEC, v:1, k:fup@ceu, mode:FULL, rate:0, size:15
2026-04-07 16:55:40, EXEC, v:1, k:fup@ceu, mode:FULL, rate:0
2026-04-07 16:56:15, EXEC, v:1, k:fup@ceu, mode:FULL, rate:0, size:16
2026-04-07 16:56:27, EXEC, v:1, k:fup@ceu, mode:FULL, rate:0, size:15
2026-04-07 16:56:38, EXEC, v:1, k:fup@ceu, mode:FULL, size:16, fail:COMP
2026-04-07 16:56:40, EXEC, v:1, k:fup@ceu, mode:FULL, rate:0, size:15
2026-04-07 16:56:49, EXEC, v:1, k:fup@ceu, mode:FULL, rate:0, size:15
2026-04-07 16:56:53, EXEC, v:1, k:fup@ceu, mode:FULL, rate:0
2026-04-07 16:56:59, EXEC, v:1, k:fup@ceu, mode:FULL, rate:0, size:15
2026-04-07 16:57:00, MOVE, v:1, k:fup@ceu, mode:EDIT
2026-04-07 16:56:59, MOVE, v:1, k:fup@ceu, mode:EDIT
2026-04-07 16:57:23, EXEC, v:1, k:fup@ceu, mode:FULL, rate:0, size:15
2026-04-07 16:57:28, EXEC, v:1, k:fup@ceu, mode:FULL, rate:0, size:15
2026-04-07 16:57:29, EXEC, v:1, k:fup@ceu, mode:FULL, rate:0
2026-04-07 16:57:31, EXEC, v:1, k:fup@ceu, mode:FULL, rate:0
2026-04-07 16:57:32, EXEC, v:1, k:fup@ceu, mode:FULL, rate:0
2026-04-07 16:57:37, EXEC, v:1, k:fup@ceu, mode:FULL, rate:0
2026-04-07 16:57:38, EXEC, v:1, k:fup@ceu, mode:FULL, rate:0
2026-04-07 16:57:39, EXEC, v:1, k:fup@ceu, mode:FULL, rate:0
2026-04-07 16:57:44, EXEC, v:1, k:fup@ceu, mode:FULL, rate:0, size:15
2026-04-07 17:01:22, EXEC, v:1, k:fup@ceu, mode:FULL, rate:0, size:16
2026-04-07 17:01:28, EXEC, v:1, k:fup@ceu, mode:FULL, rate:0, size:16
2026-04-07 17:01:29, EXEC, v:1, k:fup@ceu, mode:FULL, rate:0
2026-04-07 17:01:33, EXEC, v:1, k:fup@ceu, mode:FULL, rate:0, size:16
2026-04-07 17:01:34, EXEC, v:1, k:fup@ceu, mode:FULL, rate:0
2026-04-07 17:01:42, MOVE, v:1, k:fup@ceu, mode:BACK
2026-04-07 17:01:46, MOVE, v:1, k:fup@pares, mode:PICK
2026-04-07 17:02:09, EXEC, v:1, k:fup@pares, mode:FULL, rate:100
2026-04-07 17:02:07, MOVE, v:1, k:fup@ceu, mode:EDIT
2026-04-07 17:01:34, MOVE, v:1, k:fup@ceu, mode:EDIT
2026-04-07 17:02:09, MOVE, v:1, k:fup@pares, mode:EDIT
2026-04-07 17:04:34, MOVE, v:1, k:fup@pares, mode:BACK
2026-04-07 17:04:51, MOVE, v:1, k:fup@ceu, mode:PICK
2026-04-07 17:04:52, EXEC, v:1, k:fup@ceu, mode:FULL, rate:0, size:16
2026-04-07 17:05:05, EXEC, v:1, k:fup@ceu, mode:FULL, rate:0
2026-04-07 17:05:14, EXEC, v:1, k:fup@ceu, mode:FULL, rate:0, size:16
2026-04-07 17:05:26, EXEC, v:1, k:fup@ceu, mode:FULL, rate:0, size:16
2026-04-07 17:05:37, EXEC, v:1, k:fup@ceu, mode:FULL, rate:0, size:16
2026-04-07 17:05:55, EXEC, v:1, k:fup@ceu, mode:FULL, rate:0, size:16
2026-04-07 17:05:55, EXEC, v:1, k:fup@ceu, mode:FULL, rate:0, size:16
2026-04-07 17:06:05, EXEC, v:1, k:fup@ceu, mode:FULL, rate:0, size:16
2026-04-07 17:06:17, EXEC, v:1, k:fup@ceu, mode:FULL, rate:0, size:16
2026-04-07 17:06:26, EXEC, v:1, k:fup@ceu, mode:FULL, rate:0, size:16
2026-04-07 17:06:36, EXEC, v:1, k:fup@ceu, mode:FULL, rate:0, size:16
2026-04-07 17:07:22, EXEC, v:1, k:fup@ceu, mode:FULL, rate:0, size:16
2026-04-07 17:07:28, EXEC, v:1, k:fup@ceu, mode:FULL, rate:0, size:16
2026-04-07 17:07:38, EXEC, v:1, k:fup@ceu, mode:FULL, rate:0, size:15
2026-04-07 17:07:55, EXEC, v:1, k:fup@ceu, mode:FULL, rate:0, size:15
2026-04-07 17:07:56, EXEC, v:1, k:fup@ceu, mode:FULL, rate:0
2026-04-07 17:07:57, EXEC, v:1, k:fup@ceu, mode:FULL, rate:0
2026-04-07 17:07:57, EXEC, v:1, k:fup@ceu, mode:FULL, rate:0
2026-04-07 17:08:15, EXEC, v:1, k:fup@ceu, mode:FULL, rate:0, size:16
2026-04-07 17:08:26, EXEC, v:1, k:fup@ceu, mode:FULL, rate:0, size:15
2026-04-07 17:09:09, EXEC, v:1, k:fup@ceu, mode:FULL, rate:0, size:15
2026-04-07 17:09:09, MOVE, v:1, k:fup@ceu, mode:EDIT
2026-04-07 17:09:32, MOVE, v:1, k:fup@ceu, mode:EDIT
2026-04-07 17:10:18, EXEC, v:1, k:fup@ceu, mode:FULL, rate:80, size:15
2026-04-07 17:12:10, EXEC, v:1, k:fup@ceu, mode:FULL, rate:100, size:18
2026-04-07 17:12:20, MOVE, v:1, k:fup@ceu, mode:BACK
2026-04-07 17:20:38, SELF, v:1, k:fup@ceu, self:1, rate:100, study:75, friend:David
2026-04-07 17:20:44, MOVE, v:1, k:fup@esconde, mode:DOWN
2026-04-07 17:20:45, MOVE, v:1, k:fup@esconde, mode:PICK
2026-04-07 17:20:44, MOVE, v:1, k:fup@esconde, mode:EDIT
2026-04-07 17:20:44, MOVE, v:1, k:fup@esconde, mode:EDIT
2026-04-07 17:24:35, MOVE, v:1, k:fup@esconde, mode:EDIT
2026-04-07 17:30:35, MOVE, v:1, k:fup@esconde, mode:EDIT
2026-04-07 17:42:21, MOVE, v:1, k:fup@esconde, mode:EDIT
2026-04-07 17:45:15, MOVE, v:1, k:fup@esconde, mode:BACK
2026-04-07 17:45:20, MOVE, v:1, k:fup@loop_iii, mode:PICK
2026-04-07 17:45:47, MOVE, v:1, k:fup@loop_iii, mode:BACK
2026-04-07 17:45:53, MOVE, v:1, k:fup@loop_iv, mode:PICK
2026-04-07 17:46:24, MOVE, v:1, k:fup@loop_iv, mode:BACK
2026-04-07 17:46:26, MOVE, v:1, k:fup@esconde, mode:PICK
2026-04-07 17:45:10, MOVE, v:1, k:fup@esconde, mode:EDIT
2026-04-07 17:47:46, MOVE, v:1, k:fup@esconde, mode:BACK
2026-04-07 17:47:49, MOVE, v:1, k:fup@sapatos, mode:PICK
2026-04-07 17:48:14, MOVE, v:1, k:fup@sapatos, mode:BACK
2026-04-07 17:48:17, MOVE, v:1, k:fup@esconde, mode:PICK
2026-04-07 17:48:57, EXEC, v:1, k:fup@esconde, mode:FULL, rate:0, size:21
2026-04-07 17:49:18, EXEC, v:1, k:fup@esconde, mode:FULL, rate:0, size:21
2026-04-07 17:49:26, EXEC, v:1, k:fup@esconde, mode:FULL, rate:0, size:21
2026-04-07 17:49:44, EXEC, v:1, k:fup@esconde, mode:FULL, rate:0, size:21
2026-04-07 17:49:55, EXEC, v:1, k:fup@esconde, mode:FULL, rate:0, size:21
2026-04-07 17:50:24, EXEC, v:1, k:fup@esconde, mode:FULL, rate:0, size:18
2026-04-07 17:50:52, EXEC, v:1, k:fup@esconde, mode:FULL, rate:0, size:19
2026-04-07 17:51:25, EXEC, v:1, k:fup@esconde, mode:FULL, rate:0, size:20
2026-04-07 17:51:56, EXEC, v:1, k:fup@esconde, mode:FULL, rate:0, size:22
2026-04-07 17:52:20, MOVE, v:1, k:fup@esconde, mode:EDIT
2026-04-07 17:51:56, MOVE, v:1, k:fup@esconde, mode:EDIT
2026-04-07 17:53:09, EXEC, v:1, k:fup@esconde, mode:FULL, size:22, fail:COMP
2026-04-07 17:53:10, EXEC, v:1, k:fup@esconde, mode:FULL, fail:COMP
2026-04-07 17:53:11, EXEC, v:1, k:fup@esconde, mode:FULL, fail:COMP
2026-04-07 17:53:16, EXEC, v:1, k:fup@esconde, mode:FULL, rate:0, size:23
2026-04-07 17:53:55, EXEC, v:1, k:fup@esconde, mode:FULL, size:24, fail:COMP
2026-04-07 17:53:57, EXEC, v:1, k:fup@esconde, mode:FULL, rate:0, size:23
2026-04-07 17:53:59, EXEC, v:1, k:fup@esconde, mode:FULL, rate:0
2026-04-07 17:54:09, EXEC, v:1, k:fup@esconde, mode:FULL, rate:0, size:22
2026-04-07 17:54:36, EXEC, v:1, k:fup@esconde, mode:FULL, rate:0, size:22
2026-04-07 17:54:44, EXEC, v:1, k:fup@esconde, mode:FULL, size:22, fail:COMP
2026-04-07 17:54:45, EXEC, v:1, k:fup@esconde, mode:FULL, fail:COMP
2026-04-07 17:54:45, EXEC, v:1, k:fup@esconde, mode:FULL, fail:COMP
2026-04-07 17:54:53, EXEC, v:1, k:fup@esconde, mode:FULL, rate:0, size:22
2026-04-07 17:55:10, EXEC, v:1, k:fup@esconde, mode:FULL, rate:0, size:23
2026-04-07 17:55:18, EXEC, v:1, k:fup@esconde, mode:FULL, rate:0
2026-04-07 17:55:19, EXEC, v:1, k:fup@esconde, mode:FULL, rate:0, size:23
2026-04-07 17:55:32, EXEC, v:1, k:fup@esconde, mode:FULL, rate:0, size:24
2026-04-07 17:56:27, EXEC, v:1, k:fup@esconde, mode:FULL, rate:0, size:23
2026-04-07 17:56:36, EXEC, v:1, k:fup@esconde, mode:FULL, rate:0
2026-04-07 17:57:03, EXEC, v:1, k:fup@esconde, mode:FULL, rate:0, size:23
2026-04-07 17:57:16, EXEC, v:1, k:fup@esconde, mode:FULL, rate:0, size:23
2026-04-07 17:57:17, MOVE, v:1, k:fup@esconde, mode:EDIT
2026-04-07 17:57:16, MOVE, v:1, k:fup@esconde, mode:EDIT
2026-04-07 17:57:33, EXEC, v:1, k:fup@esconde, mode:FULL, rate:0, size:23
2026-04-07 17:57:58, EXEC, v:1, k:fup@esconde, mode:FULL, rate:0, size:23
2026-04-07 17:58:11, EXEC, v:1, k:fup@esconde, mode:FULL, rate:0, size:23
2026-04-07 17:58:30, EXEC, v:1, k:fup@esconde, mode:FULL, rate:0, size:23
2026-04-07 17:58:48, EXEC, v:1, k:fup@esconde, mode:FULL, rate:0, size:23
2026-04-07 17:59:02, EXEC, v:1, k:fup@esconde, mode:FULL, rate:0, size:23
2026-04-07 17:59:29, MOVE, v:1, k:fup@esconde, mode:BACK
2026-04-07 17:59:32, MOVE, v:1, k:fup@loop_iii, mode:PICK
2026-04-07 18:00:20, MOVE, v:1, k:fup@loop_iii, mode:BACK
2026-04-07 18:00:24, MOVE, v:1, k:fup@esconde, mode:PICK
2026-04-07 18:00:58, EXEC, v:1, k:fup@esconde, mode:FULL, rate:0, size:23
2026-04-07 18:01:42, EXEC, v:1, k:fup@esconde, mode:FULL, rate:0, size:23
2026-04-07 18:02:10, EXEC, v:1, k:fup@esconde, mode:FULL, rate:0
2026-04-07 18:02:27, MOVE, v:1, k:fup@esconde, mode:EDIT
2026-04-07 18:02:10, MOVE, v:1, k:fup@esconde, mode:EDIT
2026-04-07 18:02:28, EXEC, v:1, k:fup@esconde, mode:FULL, rate:0, size:24
2026-04-07 18:02:38, EXEC, v:1, k:fup@esconde, mode:FULL, rate:0, size:25
2026-04-07 18:02:55, EXEC, v:1, k:fup@esconde, mode:FULL, rate:0, size:25
2026-04-07 18:03:03, EXEC, v:1, k:fup@esconde, mode:FULL, size:25, fail:COMP
2026-04-07 18:03:04, EXEC, v:1, k:fup@esconde, mode:FULL, rate:0, size:25
2026-04-07 18:06:34, EXEC, v:1, k:fup@esconde, mode:FULL, rate:0, size:23
2026-04-07 18:07:12, EXEC, v:1, k:fup@esconde, mode:FULL, rate:0, size:23
2026-04-07 18:07:12, MOVE, v:1, k:fup@esconde, mode:EDIT
2026-04-07 18:07:12, MOVE, v:1, k:fup@esconde, mode:EDIT
2026-04-07 18:07:43, EXEC, v:1, k:fup@esconde, mode:FULL, rate:0, size:23
2026-04-07 18:09:14, EXEC, v:1, k:fup@esconde, mode:FULL, rate:0, size:23
2026-04-07 18:09:41, EXEC, v:1, k:fup@esconde, mode:FULL, rate:0, size:23
2026-04-07 18:12:10, EXEC, v:1, k:fup@esconde, mode:FULL, rate:0, size:23
2026-04-07 18:12:08, MOVE, v:1, k:fup@esconde, mode:EDIT
2026-04-07 18:12:10, MOVE, v:1, k:fup@esconde, mode:EDIT
2026-04-07 18:12:50, EXEC, v:1, k:fup@esconde, mode:FULL, rate:0, size:23
2026-04-07 18:13:01, EXEC, v:1, k:fup@esconde, mode:FULL, rate:0, size:23
2026-04-07 18:13:05, MOVE, v:1, k:fup@esconde, mode:EDIT
2026-04-07 18:12:59, MOVE, v:1, k:fup@esconde, mode:EDIT
2026-04-07 18:22:22, EXEC, v:1, k:fup@esconde, mode:FULL, size:20, fail:COMP
2026-04-07 18:22:26, EXEC, v:1, k:fup@esconde, mode:FULL, rate:0, size:19
2026-04-07 18:22:23, MOVE, v:1, k:fup@esconde, mode:EDIT
2026-04-07 18:22:23, MOVE, v:1, k:fup@esconde, mode:EDIT
2026-04-07 18:22:31, MOVE, v:1, k:fup@esconde, mode:BACK
