2026-03-16 17:34:30, MOVE, v:1, k:sandbox@user_003, mode:PICK
2026-03-16 17:37:47, MOVE, v:1, k:sandbox@user_003, mode:BACK
2026-03-16 17:43:40, MOVE, v:1, k:fup@media, mode:PICK
2026-03-16 17:44:19, EXEC, v:1, k:fup@media, mode:FULL, rate:60, size:7
2026-03-16 17:44:19, EXEC, v:1, k:fup@media, mode:FULL, rate:60, size:7
2026-03-16 17:47:30, EXEC, v:1, k:fup@media, mode:FULL, size:7, fail:COMP
2026-03-16 17:47:30, EXEC, v:1, k:fup@media, mode:FULL, size:7, fail:COMP
2026-03-16 17:47:32, EXEC, v:1, k:fup@media, mode:FULL, size:7, fail:COMP
2026-03-16 17:47:32, EXEC, v:1, k:fup@media, mode:FULL, size:7, fail:COMP
2026-03-16 17:47:33, EXEC, v:1, k:fup@media, mode:FULL, size:7, fail:COMP
2026-03-16 17:47:33, EXEC, v:1, k:fup@media, mode:FULL, size:7, fail:COMP
2026-03-16 17:47:53, EXEC, v:1, k:fup@media, mode:FULL, size:7, fail:COMP
2026-03-16 17:47:53, EXEC, v:1, k:fup@media, mode:FULL, size:7, fail:COMP
2026-03-16 17:47:55, EXEC, v:1, k:fup@media, mode:FULL, size:7, fail:COMP
2026-03-16 17:47:55, EXEC, v:1, k:fup@media, mode:FULL, fail:COMP
2026-03-16 17:48:24, EXEC, v:1, k:fup@media, mode:FULL, size:7, fail:COMP
2026-03-16 17:48:25, EXEC, v:1, k:fup@media, mode:FULL, fail:COMP
2026-03-16 17:48:25, EXEC, v:1, k:fup@media, mode:FULL, fail:COMP
2026-03-16 17:48:25, EXEC, v:1, k:fup@media, mode:FULL, fail:COMP
2026-03-16 17:48:38, EXEC, v:1, k:fup@media, mode:FULL, size:7, fail:COMP
2026-03-16 17:48:38, EXEC, v:1, k:fup@media, mode:FULL, size:7, fail:COMP
2026-03-16 17:48:47, EXEC, v:1, k:fup@media, mode:FULL, rate:60, size:7
2026-03-16 17:50:47, EXEC, v:1, k:fup@media, mode:FULL, rate:0, size:7
2026-03-16 17:51:20, EXEC, v:1, k:fup@media, mode:FULL, rate:60, size:7
2026-03-16 17:52:24, EXEC, v:1, k:fup@media, mode:FULL, size:7, fail:COMP
2026-03-16 17:52:25, EXEC, v:1, k:fup@media, mode:FULL, fail:COMP
2026-03-16 17:52:39, EXEC, v:1, k:fup@media, mode:FULL, size:7, fail:COMP
2026-03-16 17:52:39, EXEC, v:1, k:fup@media, mode:FULL, size:7, fail:COMP
2026-03-16 17:52:40, EXEC, v:1, k:fup@media, mode:FULL, size:7, fail:COMP
2026-03-16 17:53:00, MOVE, v:1, k:fup@media, mode:PICK
2026-03-16 17:53:02, EXEC, v:1, k:fup@media, mode:FULL, rate:0, size:7
2026-03-16 17:53:02, EXEC, v:1, k:fup@media, mode:FULL, rate:0, size:7
2026-03-16 17:53:29, EXEC, v:1, k:fup@media, mode:FULL, rate:60, size:7
2026-03-16 17:53:36, EXEC, v:1, k:fup@media, mode:FULL, size:7, fail:COMP
2026-03-16 17:53:43, EXEC, v:1, k:fup@media, mode:FULL, rate:60, size:7
2026-03-16 17:54:59, EXEC, v:1, k:fup@media, mode:FULL, size:9, fail:COMP
2026-03-16 17:55:00, EXEC, v:1, k:fup@media, mode:FULL, fail:COMP
2026-03-16 17:55:01, EXEC, v:1, k:fup@media, mode:FULL, fail:COMP
2026-03-16 17:55:39, MOVE, v:1, k:fup@sobrou, mode:DOWN
2026-03-16 17:55:44, MOVE, v:1, k:fup@sobrou, mode:PICK
2026-03-16 17:58:33, MOVE, v:1, k:fup@sobrou, mode:BACK
2026-03-16 17:58:39, MOVE, v:1, k:fup@media, mode:PICK
2026-03-16 17:59:35, EXEC, v:1, k:fup@media, mode:FULL, rate:60, size:7
2026-03-16 18:03:41, MOVE, v:1, k:fup@media, mode:BACK
2026-03-16 18:03:57, MOVE, v:1, k:fup@segundos, mode:DOWN
2026-03-16 18:03:58, MOVE, v:1, k:fup@segundos, mode:PICK
2026-03-16 18:05:20, EXEC, v:1, k:fup@segundos, mode:FREE, size:5
2026-03-16 18:10:02, MOVE, v:1, k:fup@segundos, mode:BACK
2026-03-16 18:10:10, MOVE, v:1, k:fup@media, mode:PICK
2026-03-16 18:10:21, EXEC, v:1, k:fup@media, mode:FULL, rate:60
2026-03-16 18:12:33, EXEC, v:1, k:fup@media, mode:FULL, rate:60, size:7
2026-03-16 18:15:38, EXEC, v:1, k:fup@media, mode:FULL, rate:0, size:9
2026-03-16 18:15:38, EXEC, v:1, k:fup@media, mode:FULL, rate:0, size:9
2026-03-16 18:15:39, EXEC, v:1, k:fup@media, mode:FULL, rate:0, size:9
2026-03-16 18:15:48, EXEC, v:1, k:fup@media, mode:FULL, rate:0, size:9
2026-03-16 18:15:49, EXEC, v:1, k:fup@media, mode:FULL, rate:0
2026-03-16 18:15:53, EXEC, v:1, k:fup@media, mode:FULL, rate:0
2026-03-16 18:16:09, EXEC, v:1, k:fup@media, mode:FULL, rate:0, size:10
2026-03-16 18:16:09, EXEC, v:1, k:fup@media, mode:FULL, rate:0, size:10
2026-03-16 18:16:25, EXEC, v:1, k:fup@media, mode:FULL, rate:0, size:8
2026-03-16 18:16:25, EXEC, v:1, k:fup@media, mode:FULL, rate:0, size:8
2026-03-16 18:16:32, EXEC, v:1, k:fup@media, mode:FULL, rate:60, size:8
2026-03-16 18:18:05, EXEC, v:1, k:fup@media, mode:FULL, size:9, fail:COMP
2026-03-16 18:18:05, EXEC, v:1, k:fup@media, mode:FULL, size:9, fail:COMP
2026-03-16 18:18:21, EXEC, v:1, k:fup@media, mode:FULL, rate:60, size:7
2026-03-16 18:18:21, EXEC, v:1, k:fup@media, mode:FULL, rate:60, size:7
2026-03-16 18:20:22, EXEC, v:1, k:fup@media, mode:FREE, size:7
2026-03-16 18:21:22, EXEC, v:1, k:fup@media, mode:FULL, rate:60
2026-03-16 18:22:27, EXEC, v:1, k:fup@media, mode:FREE, size:7
2026-03-16 18:23:31, MOVE, v:1, k:fup@media, mode:BACK
2026-03-16 18:24:17, MOVE, v:1, k:fup@media, mode:PICK
2026-03-16 18:24:19, EXEC, v:1, k:fup@media, mode:FULL, rate:60, size:7
2026-03-16 18:25:56, EXEC, v:1, k:fup@media, mode:FULL, rate:100, size:7
2026-03-16 18:26:02, EXEC, v:1, k:fup@media, mode:FULL, rate:100
2026-03-16 18:26:06, MOVE, v:1, k:fup@media, mode:BACK
2026-03-16 18:27:12, SELF, v:1, k:fup@media, self:1, rate:100, study:38, friend:Hanna, guided:1, concept:1, problem:1, code:1, debug:1, refactor:1
