2026-04-08 15:04:19, MOVE, v:1, k:fup@esconde, mode:PICK
2026-04-08 15:04:44, EXEC, v:1, k:fup@esconde, mode:FULL, rate:0
2026-04-08 15:05:19, EXEC, v:1, k:fup@esconde, mode:FULL, rate:0, size:22
2026-04-08 15:05:28, EXEC, v:1, k:fup@esconde, mode:FULL, rate:0, size:21
2026-04-08 15:06:47, EXEC, v:1, k:fup@esconde, mode:FULL, rate:0, size:26
2026-04-08 15:07:05, EXEC, v:1, k:fup@esconde, mode:FULL, rate:0, size:26
2026-04-08 15:07:11, EXEC, v:1, k:fup@esconde, mode:FULL, rate:0, size:26
2026-04-08 15:07:28, EXEC, v:1, k:fup@esconde, mode:FULL, rate:0, size:26
2026-04-08 15:07:42, EXEC, v:1, k:fup@esconde, mode:FULL, rate:0, size:26
2026-04-08 15:08:09, EXEC, v:1, k:fup@esconde, mode:FULL, rate:0, size:27
2026-04-08 15:08:11, EXEC, v:1, k:fup@esconde, mode:FULL, rate:0
2026-04-08 15:08:11, MOVE, v:1, k:fup@esconde, mode:EDIT
2026-04-08 15:08:09, MOVE, v:1, k:fup@esconde, mode:EDIT
2026-04-08 15:09:38, EXEC, v:1, k:fup@esconde, mode:FULL, rate:0
2026-04-08 15:10:43, EXEC, v:1, k:fup@esconde, mode:FULL, rate:0, size:26
2026-04-08 15:11:08, EXEC, v:1, k:fup@esconde, mode:FULL, rate:0, size:26
2026-04-08 15:12:00, EXEC, v:1, k:fup@esconde, mode:FULL, rate:100, size:26
2026-04-08 15:13:14, EXEC, v:1, k:fup@esconde, mode:FULL, rate:100, size:26
2026-04-08 15:13:21, MOVE, v:1, k:fup@esconde, mode:BACK
2026-04-08 15:13:57, SELF, v:1, k:fup@esconde, self:1, rate:100, study:68, friend:Monitor Matheus
2026-04-08 15:14:20, MOVE, v:1, k:fup@zigzag, mode:DOWN
2026-04-08 15:14:22, MOVE, v:1, k:fup@zigzag, mode:PICK
2026-04-08 15:18:23, EXEC, v:1, k:fup@zigzag, mode:FULL, rate:0, size:15
2026-04-08 15:14:20, MOVE, v:1, k:fup@zigzag, mode:EDIT
2026-04-08 15:18:18, MOVE, v:1, k:fup@zigzag, mode:EDIT
2026-04-08 15:18:21, MOVE, v:1, k:fup@zigzag, mode:EDIT
2026-04-08 15:18:40, EXEC, v:1, k:fup@zigzag, mode:FULL, rate:0, size:15
2026-04-08 15:19:38, EXEC, v:1, k:fup@zigzag, mode:FULL, rate:0, size:17
2026-04-08 15:19:46, EXEC, v:1, k:fup@zigzag, mode:FULL, rate:0
2026-04-08 15:19:58, EXEC, v:1, k:fup@zigzag, mode:FULL, rate:0
2026-04-08 15:21:12, EXEC, v:1, k:fup@zigzag, mode:FULL, rate:0, size:21
2026-04-08 15:21:43, EXEC, v:1, k:fup@zigzag, mode:FULL, rate:0, size:22
2026-04-08 15:22:04, EXEC, v:1, k:fup@zigzag, mode:FULL, rate:0, size:22
2026-04-08 15:22:24, EXEC, v:1, k:fup@zigzag, mode:FULL, rate:0, size:23
2026-04-08 15:22:30, EXEC, v:1, k:fup@zigzag, mode:FULL, rate:0
2026-04-08 15:23:25, MOVE, v:1, k:fup@zigzag, mode:EDIT
2026-04-08 15:22:30, MOVE, v:1, k:fup@zigzag, mode:EDIT
2026-04-08 15:24:01, EXEC, v:1, k:fup@zigzag, mode:FULL, size:18, fail:COMP
2026-04-08 15:24:02, EXEC, v:1, k:fup@zigzag, mode:FULL, fail:COMP
2026-04-08 15:24:11, EXEC, v:1, k:fup@zigzag, mode:FULL, size:18, fail:COMP
2026-04-08 15:24:12, EXEC, v:1, k:fup@zigzag, mode:FULL, rate:0, size:18
2026-04-08 15:25:30, EXEC, v:1, k:fup@zigzag, mode:FULL, size:19, fail:COMP
2026-04-08 15:25:31, EXEC, v:1, k:fup@zigzag, mode:FULL, rate:0, size:19
2026-04-08 15:26:08, EXEC, v:1, k:fup@zigzag, mode:FULL, rate:0, size:19
2026-04-08 15:26:09, EXEC, v:1, k:fup@zigzag, mode:FULL, rate:0
2026-04-08 15:26:18, EXEC, v:1, k:fup@zigzag, mode:FULL, size:19, fail:COMP
2026-04-08 15:26:18, EXEC, v:1, k:fup@zigzag, mode:FULL, rate:0, size:19
2026-04-08 15:26:45, EXEC, v:1, k:fup@zigzag, mode:FULL, rate:0, size:20
2026-04-08 15:28:03, EXEC, v:1, k:fup@zigzag, mode:FULL, size:24, fail:COMP
2026-04-08 15:28:10, EXEC, v:1, k:fup@zigzag, mode:FULL, rate:0, size:24
2026-04-08 15:28:33, MOVE, v:1, k:fup@zigzag, mode:EDIT
2026-04-08 15:28:10, MOVE, v:1, k:fup@zigzag, mode:EDIT
2026-04-08 15:28:55, EXEC, v:1, k:fup@zigzag, mode:FULL, size:25, fail:COMP
2026-04-08 15:28:56, EXEC, v:1, k:fup@zigzag, mode:FULL, rate:0, size:25
2026-04-08 15:30:16, EXEC, v:1, k:fup@zigzag, mode:FULL, rate:0, size:25
2026-04-08 15:30:29, EXEC, v:1, k:fup@zigzag, mode:FULL, rate:0, size:25
2026-04-08 15:30:53, EXEC, v:1, k:fup@zigzag, mode:FULL, rate:0, size:25
2026-04-08 15:32:23, EXEC, v:1, k:fup@zigzag, mode:FULL, rate:0, size:25
2026-04-08 15:32:36, EXEC, v:1, k:fup@zigzag, mode:FULL, size:25, fail:COMP
2026-04-08 15:32:37, EXEC, v:1, k:fup@zigzag, mode:FULL, rate:0, size:25
2026-04-08 15:32:49, EXEC, v:1, k:fup@zigzag, mode:FULL, rate:0, size:25
2026-04-08 15:32:48, MOVE, v:1, k:fup@zigzag, mode:EDIT
2026-04-08 15:32:49, MOVE, v:1, k:fup@zigzag, mode:EDIT
2026-04-08 15:35:41, EXEC, v:1, k:fup@zigzag, mode:FULL, rate:0, size:23
2026-04-08 15:35:52, EXEC, v:1, k:fup@zigzag, mode:FULL, rate:0, size:24
2026-04-08 15:36:23, EXEC, v:1, k:fup@zigzag, mode:FULL, size:26, fail:COMP
2026-04-08 15:36:24, EXEC, v:1, k:fup@zigzag, mode:FULL, rate:0, size:26
2026-04-08 15:36:48, EXEC, v:1, k:fup@zigzag, mode:FULL, rate:0, size:23
2026-04-08 15:36:57, EXEC, v:1, k:fup@zigzag, mode:FULL, rate:0, size:24
2026-04-08 15:37:49, EXEC, v:1, k:fup@zigzag, mode:FULL, rate:0, size:24
2026-04-08 15:38:32, MOVE, v:1, k:fup@zigzag, mode:EDIT
2026-04-08 15:37:48, MOVE, v:1, k:fup@zigzag, mode:EDIT
2026-04-08 15:38:44, EXEC, v:1, k:fup@zigzag, mode:FULL, rate:100, size:24
2026-04-08 15:42:03, MOVE, v:1, k:fup@zigzag, mode:BACK
2026-04-08 15:42:20, SELF, v:1, k:fup@zigzag, self:1, rate:100, study:27
2026-04-08 15:42:38, MOVE, v:1, k:fup@colorido, mode:DOWN
2026-04-08 15:42:39, MOVE, v:1, k:fup@colorido, mode:PICK
2026-04-08 15:44:16, EXEC, v:1, k:fup@colorido, mode:FULL, rate:0, size:12
2026-04-08 15:42:38, MOVE, v:1, k:fup@colorido, mode:EDIT
2026-04-08 15:47:10, MOVE, v:1, k:fup@colorido, mode:EDIT
2026-04-08 15:44:16, MOVE, v:1, k:fup@colorido, mode:EDIT
2026-04-08 15:51:11, EXEC, v:1, k:fup@colorido, mode:FULL, rate:0, size:17
2026-04-08 15:51:27, EXEC, v:1, k:fup@colorido, mode:FULL, size:17, fail:COMP
2026-04-08 15:51:34, EXEC, v:1, k:fup@colorido, mode:FULL, rate:0, size:17
2026-04-08 15:51:46, EXEC, v:1, k:fup@colorido, mode:FULL, rate:0, size:17
2026-04-08 15:51:48, EXEC, v:1, k:fup@colorido, mode:FULL, rate:0, size:17
2026-04-08 15:51:46, MOVE, v:1, k:fup@colorido, mode:EDIT
2026-04-08 15:51:48, MOVE, v:1, k:fup@colorido, mode:EDIT
2026-04-08 15:54:55, EXEC, v:1, k:fup@colorido, mode:FULL, size:23, fail:COMP
2026-04-08 15:54:57, EXEC, v:1, k:fup@colorido, mode:FULL, rate:0, size:23
2026-04-08 15:56:53, EXEC, v:1, k:fup@colorido, mode:FULL, rate:0, size:24
2026-04-08 15:56:53, MOVE, v:1, k:fup@colorido, mode:EDIT
2026-04-08 15:56:53, MOVE, v:1, k:fup@colorido, mode:EDIT
2026-04-08 15:57:44, EXEC, v:1, k:fup@colorido, mode:FULL, rate:0, size:24
2026-04-08 15:59:19, EXEC, v:1, k:fup@colorido, mode:FULL, rate:0
2026-04-08 16:00:03, EXEC, v:1, k:fup@colorido, mode:FULL, rate:0, size:24
2026-04-08 16:00:26, EXEC, v:1, k:fup@colorido, mode:FULL, rate:0, size:24
2026-04-08 16:01:32, EXEC, v:1, k:fup@colorido, mode:FULL, rate:0, size:24
2026-04-08 16:02:05, EXEC, v:1, k:fup@colorido, mode:FULL, rate:0
2026-04-08 16:01:30, MOVE, v:1, k:fup@colorido, mode:EDIT
2026-04-08 16:02:03, MOVE, v:1, k:fup@colorido, mode:EDIT
2026-04-08 16:02:49, EXEC, v:1, k:fup@colorido, mode:FULL, rate:0, size:24
2026-04-08 16:03:02, EXEC, v:1, k:fup@colorido, mode:FULL, rate:0, size:24
2026-04-08 16:04:23, EXEC, v:1, k:fup@colorido, mode:FULL, rate:0, size:28
2026-04-08 16:04:48, EXEC, v:1, k:fup@colorido, mode:FULL, rate:0, size:28
2026-04-08 16:05:02, EXEC, v:1, k:fup@colorido, mode:FULL, rate:0, size:28
2026-04-08 16:05:05, EXEC, v:1, k:fup@colorido, mode:FREE
2026-04-08 16:05:38, EXEC, v:1, k:fup@colorido, mode:FULL, rate:0, size:28
2026-04-08 16:06:05, EXEC, v:1, k:fup@colorido, mode:FULL, rate:0, size:28
2026-04-08 16:07:04, EXEC, v:1, k:fup@colorido, mode:FULL, rate:0, size:31
2026-04-08 16:07:02, MOVE, v:1, k:fup@colorido, mode:EDIT
2026-04-08 16:07:04, MOVE, v:1, k:fup@colorido, mode:EDIT
2026-04-08 16:07:35, EXEC, v:1, k:fup@colorido, mode:FULL, rate:0, size:31
2026-04-08 16:09:08, EXEC, v:1, k:fup@colorido, mode:FULL, rate:16, size:32
2026-04-08 16:09:43, EXEC, v:1, k:fup@colorido, mode:FULL, rate:16, size:32
2026-04-08 16:10:24, EXEC, v:1, k:fup@colorido, mode:FULL, rate:0, size:28
2026-04-08 16:10:34, EXEC, v:1, k:fup@colorido, mode:FULL, rate:0
2026-04-08 16:10:53, EXEC, v:1, k:fup@colorido, mode:FULL, rate:0, size:28
2026-04-08 16:11:04, EXEC, v:1, k:fup@colorido, mode:FULL, size:28, fail:COMP
2026-04-08 16:11:05, EXEC, v:1, k:fup@colorido, mode:FULL, rate:0, size:28
2026-04-08 16:12:04, EXEC, v:1, k:fup@colorido, mode:FULL, rate:0, size:31
2026-04-08 16:12:03, MOVE, v:1, k:fup@colorido, mode:EDIT
2026-04-08 16:12:03, MOVE, v:1, k:fup@colorido, mode:EDIT
2026-04-08 16:12:14, EXEC, v:1, k:fup@colorido, mode:FULL, rate:16, size:31
2026-04-08 16:13:34, EXEC, v:1, k:fup@colorido, mode:FULL, rate:16, size:31
2026-04-08 16:13:40, EXEC, v:1, k:fup@colorido, mode:FULL, rate:16, size:31
2026-04-08 16:14:22, EXEC, v:1, k:fup@colorido, mode:FULL, rate:16, size:32
2026-04-08 16:14:30, EXEC, v:1, k:fup@colorido, mode:FULL, rate:16, size:31
2026-04-08 16:15:39, MOVE, v:1, k:fup@colorido, mode:BACK
