2026-03-31 15:04:11, MOVE, v:1, k:fup@goiabas, mode:DOWN
2026-03-31 15:04:13, MOVE, v:1, k:fup@goiabas, mode:PICK
2026-03-31 15:08:12, EXEC, v:1, k:fup@goiabas, mode:FULL, size:12, fail:COMP
2026-03-31 15:08:27, EXEC, v:1, k:fup@goiabas, mode:FULL, rate:0, size:13
2026-03-31 15:11:41, MOVE, v:1, k:fup@goiabas, mode:BACK
2026-03-31 15:11:56, MOVE, v:1, k:fup@salario, mode:DOWN
2026-03-31 15:11:57, MOVE, v:1, k:fup@salario, mode:PICK
2026-03-31 15:17:51, EXEC, v:1, k:fup@salario, mode:FULL, size:12, fail:COMP
2026-03-31 15:18:23, EXEC, v:1, k:fup@salario, mode:FULL, size:12, fail:COMP
2026-03-31 15:18:27, EXEC, v:1, k:fup@salario, mode:FULL, rate:0, size:12
2026-03-31 15:25:09, EXEC, v:1, k:fup@salario, mode:FULL, rate:0, size:17
2026-03-31 15:26:36, EXEC, v:1, k:fup@salario, mode:FULL, rate:75, size:21
2026-03-31 15:27:31, EXEC, v:1, k:fup@salario, mode:FULL, rate:75, size:20
2026-03-31 15:27:45, EXEC, v:1, k:fup@salario, mode:FULL, rate:75, size:20
2026-03-31 15:28:06, EXEC, v:1, k:fup@salario, mode:FULL, rate:100
2026-03-31 15:33:04, MOVE, v:1, k:fup@salario, mode:BACK
2026-03-31 15:33:53, SELF, v:1, k:fup@salario, self:1, rate:100, study:21, concept:1
2026-03-31 15:34:50, MOVE, v:1, k:fup@cobra, mode:DOWN
2026-03-31 15:34:52, MOVE, v:1, k:fup@cobra, mode:PICK
2026-03-31 15:40:19, EXEC, v:1, k:fup@cobra, mode:FULL, rate:0, size:14
2026-03-31 15:47:43, MOVE, v:1, k:fup@cobra, mode:BACK
2026-03-31 15:48:41, SELF, v:1, k:fup@final, self:1, rate:80, study:33
2026-03-31 15:49:17, MOVE, v:1, k:fup@loop_i, mode:DOWN
2026-03-31 15:49:18, MOVE, v:1, k:fup@loop_i, mode:PICK
2026-03-31 15:52:37, EXEC, v:1, k:fup@loop_i, mode:FULL, rate:0, size:10
2026-03-31 15:52:51, EXEC, v:1, k:fup@loop_i, mode:FULL, rate:33, size:10
2026-03-31 15:55:03, EXEC, v:1, k:fup@loop_i, mode:FULL, rate:0, size:11
2026-03-31 15:55:38, EXEC, v:1, k:fup@loop_i, mode:FULL, rate:100, size:10
2026-03-31 15:56:04, MOVE, v:1, k:fup@loop_i, mode:BACK
2026-03-31 15:56:41, SELF, v:1, k:fup@loop_i, self:1, rate:100, study:6, concept:1
2026-03-31 16:06:42, MOVE, v:1, k:fup@loop_ii, mode:DOWN
2026-03-31 16:06:44, MOVE, v:1, k:fup@loop_ii, mode:PICK
2026-03-31 16:07:58, EXEC, v:1, k:fup@loop_ii, mode:FULL, rate:0, size:8
2026-03-31 16:09:54, EXEC, v:1, k:fup@loop_ii, mode:FULL, rate:0, size:9
2026-03-31 16:10:07, EXEC, v:1, k:fup@loop_ii, mode:FULL, rate:0, size:9
2026-03-31 16:10:14, EXEC, v:1, k:fup@loop_ii, mode:FULL, rate:0, size:9
2026-03-31 16:11:30, EXEC, v:1, k:fup@loop_ii, mode:FULL, rate:0, size:9
2026-03-31 16:11:41, EXEC, v:1, k:fup@loop_ii, mode:FULL, rate:0, size:9
2026-03-31 16:11:51, EXEC, v:1, k:fup@loop_ii, mode:FULL, rate:0
2026-03-31 16:11:54, EXEC, v:1, k:fup@loop_ii, mode:FULL, rate:0, size:9
2026-03-31 16:12:42, EXEC, v:1, k:fup@loop_ii, mode:FULL, rate:0, size:9
2026-03-31 16:12:58, MOVE, v:1, k:fup@loop_ii, mode:BACK
