2026-04-13 16:17:37, MOVE, v:1, k:fup@sapinho, mode:DOWN
2026-04-13 16:17:38, MOVE, v:1, k:fup@sapinho, mode:PICK
2026-04-13 16:17:37, MOVE, v:1, k:fup@sapinho, mode:EDIT
2026-04-13 16:17:37, MOVE, v:1, k:fup@sapinho, mode:EDIT
2026-04-13 16:22:04, MOVE, v:1, k:fup@sapinho, mode:EDIT
2026-04-13 16:24:46, EXEC, v:1, k:fup@sapinho, mode:FULL, rate:0, size:19
2026-04-13 16:24:53, EXEC, v:1, k:fup@sapinho, mode:FULL, rate:0, size:19
2026-04-13 16:25:46, EXEC, v:1, k:fup@sapinho, mode:FULL, rate:0
2026-04-13 16:25:47, EXEC, v:1, k:fup@sapinho, mode:FULL, rate:0
2026-04-13 16:27:06, MOVE, v:1, k:fup@sapinho, mode:EDIT
2026-04-13 16:25:47, MOVE, v:1, k:fup@sapinho, mode:EDIT
2026-04-13 16:27:58, EXEC, v:1, k:fup@sapinho, mode:FULL, size:19, fail:COMP
2026-04-13 16:28:14, EXEC, v:1, k:fup@sapinho, mode:FULL, fail:COMP
2026-04-13 16:28:24, EXEC, v:1, k:fup@sapinho, mode:FULL, rate:0, size:19
2026-04-13 16:29:48, MOVE, v:1, k:fup@sapinho, mode:EDIT
2026-04-13 16:28:22, MOVE, v:1, k:fup@sapinho, mode:EDIT
2026-04-13 16:34:30, EXEC, v:1, k:fup@sapinho, mode:FULL, rate:0, size:19
2026-04-13 16:34:41, EXEC, v:1, k:fup@sapinho, mode:FULL, rate:0, size:19
2026-04-13 16:35:44, EXEC, v:1, k:fup@sapinho, mode:FULL, rate:0, size:19
2026-04-13 16:35:57, EXEC, v:1, k:fup@sapinho, mode:FULL, rate:0, size:19
2026-04-13 16:36:15, EXEC, v:1, k:fup@sapinho, mode:FULL, rate:0, size:19
2026-04-13 16:36:29, EXEC, v:1, k:fup@sapinho, mode:FULL, rate:0, size:19
2026-04-13 16:36:34, EXEC, v:1, k:fup@sapinho, mode:FULL, rate:0, size:19
2026-04-13 16:36:41, EXEC, v:1, k:fup@sapinho, mode:FULL, rate:0, size:19
2026-04-13 16:37:08, MOVE, v:1, k:fup@sapinho, mode:EDIT
2026-04-13 16:36:41, MOVE, v:1, k:fup@sapinho, mode:EDIT
2026-04-13 16:37:25, EXEC, v:1, k:fup@sapinho, mode:FULL, rate:0, size:19
2026-04-13 16:37:37, EXEC, v:1, k:fup@sapinho, mode:FULL, rate:0, size:19
2026-04-13 16:38:06, EXEC, v:1, k:fup@sapinho, mode:FULL, rate:0, size:19
2026-04-13 16:38:40, EXEC, v:1, k:fup@sapinho, mode:FULL, rate:0, size:19
2026-04-13 16:39:32, EXEC, v:1, k:fup@sapinho, mode:FULL, rate:0, size:19
2026-04-13 16:39:52, EXEC, v:1, k:fup@sapinho, mode:FULL, rate:0, size:19
2026-04-13 16:40:21, EXEC, v:1, k:fup@sapinho, mode:FULL, rate:0, size:20
2026-04-13 16:40:29, EXEC, v:1, k:fup@sapinho, mode:FULL, rate:0, size:20
2026-04-13 16:41:29, EXEC, v:1, k:fup@sapinho, mode:FULL, rate:0, size:20
2026-04-13 16:42:02, EXEC, v:1, k:fup@sapinho, mode:FULL, rate:0, size:20
2026-04-13 16:41:59, MOVE, v:1, k:fup@sapinho, mode:EDIT
2026-04-13 16:42:00, MOVE, v:1, k:fup@sapinho, mode:EDIT
2026-04-13 16:42:32, EXEC, v:1, k:fup@sapinho, mode:FULL, rate:0, size:14
2026-04-13 16:42:48, EXEC, v:1, k:fup@sapinho, mode:FULL, rate:0, size:15
2026-04-13 16:43:02, EXEC, v:1, k:fup@sapinho, mode:FULL, rate:0, size:15
2026-04-13 16:45:19, MOVE, v:1, k:fup@sapinho, mode:BACK
2026-04-13 16:45:24, MOVE, v:1, k:fup@sapinho, mode:PICK
2026-04-13 16:45:25, MOVE, v:1, k:fup@sapinho, mode:BACK
2026-04-13 16:45:41, MOVE, v:1, k:fup@sapinho, mode:PICK
2026-04-13 16:46:58, MOVE, v:1, k:fup@sapinho, mode:EDIT
2026-04-13 16:43:02, MOVE, v:1, k:fup@sapinho, mode:EDIT
2026-04-13 16:47:14, EXEC, v:1, k:fup@sapinho, mode:FULL, rate:0, size:23
2026-04-13 16:47:32, EXEC, v:1, k:fup@sapinho, mode:FULL, rate:0, size:24
2026-04-13 16:50:30, EXEC, v:1, k:fup@sapinho, mode:FULL, rate:0, size:23
2026-04-13 16:50:50, EXEC, v:1, k:fup@sapinho, mode:FULL, rate:0, size:22
2026-04-13 16:51:22, MOVE, v:1, k:fup@sapinho, mode:BACK
2026-04-13 17:06:05, MOVE, v:1, k:eval1@bala, mode:DOWN
2026-04-13 17:06:07, MOVE, v:1, k:eval1@bala, mode:PICK
2026-04-13 17:06:05, MOVE, v:1, k:eval1@bala, mode:EDIT
2026-04-13 17:06:05, MOVE, v:1, k:eval1@bala, mode:EDIT
2026-04-13 17:07:11, MOVE, v:1, k:eval1@bala, mode:EDIT
2026-04-13 17:12:08, EXEC, v:1, k:eval1@bala, mode:FULL, rate:0, size:19
2026-04-13 17:12:07, MOVE, v:1, k:eval1@bala, mode:EDIT
2026-04-13 17:12:08, MOVE, v:1, k:eval1@bala, mode:EDIT
2026-04-13 17:12:34, EXEC, v:1, k:eval1@bala, mode:FULL, rate:0, size:19
2026-04-13 17:12:43, EXEC, v:1, k:eval1@bala, mode:FULL, rate:16, size:19
2026-04-13 17:13:48, EXEC, v:1, k:eval1@bala, mode:FULL, rate:16, size:19
2026-04-13 17:14:11, EXEC, v:1, k:eval1@bala, mode:FULL, rate:16
2026-04-13 17:15:47, EXEC, v:1, k:eval1@bala, mode:FULL, rate:16
2026-04-13 17:16:27, EXEC, v:1, k:eval1@bala, mode:FULL, rate:16, size:19
2026-04-13 17:16:39, EXEC, v:1, k:eval1@bala, mode:FULL, rate:16
2026-04-13 17:16:38, MOVE, v:1, k:eval1@bala, mode:EDIT
2026-04-13 17:16:38, MOVE, v:1, k:eval1@bala, mode:EDIT
2026-04-13 17:18:01, EXEC, v:1, k:eval1@bala, mode:FULL, rate:16
2026-04-13 17:18:54, EXEC, v:1, k:eval1@bala, mode:FULL, rate:16
2026-04-13 17:19:30, EXEC, v:1, k:eval1@bala, mode:FULL, size:19, fail:COMP
2026-04-13 17:19:32, EXEC, v:1, k:eval1@bala, mode:FULL, rate:16, size:19
2026-04-13 17:19:33, EXEC, v:1, k:eval1@bala, mode:FULL, rate:16
2026-04-13 17:21:43, EXEC, v:1, k:eval1@bala, mode:FULL, size:19, fail:COMP
2026-04-13 17:21:43, EXEC, v:1, k:eval1@bala, mode:FULL, size:19, fail:COMP
2026-04-13 17:21:44, EXEC, v:1, k:eval1@bala, mode:FULL, size:19, fail:COMP
2026-04-13 17:21:46, EXEC, v:1, k:eval1@bala, mode:FULL, rate:16, size:19
2026-04-13 17:21:45, MOVE, v:1, k:eval1@bala, mode:EDIT
2026-04-13 17:21:46, MOVE, v:1, k:eval1@bala, mode:EDIT
2026-04-13 17:22:31, EXEC, v:1, k:eval1@bala, mode:FULL, rate:100, size:19
2026-04-13 17:22:40, EXEC, v:1, k:eval1@bala, mode:FULL, rate:100
2026-04-13 17:22:41, EXEC, v:1, k:eval1@bala, mode:FULL, rate:100
2026-04-13 17:22:42, EXEC, v:1, k:eval1@bala, mode:FULL, rate:100
2026-04-13 17:22:43, EXEC, v:1, k:eval1@bala, mode:FULL, rate:100
2026-04-13 17:22:43, MOVE, v:1, k:eval1@bala, mode:BACK
2026-04-13 17:23:02, MOVE, v:1, k:eval1@mumia, mode:DOWN
2026-04-13 17:23:05, MOVE, v:1, k:eval1@mumia, mode:PICK
2026-04-13 17:23:02, MOVE, v:1, k:eval1@mumia, mode:EDIT
2026-04-13 17:23:02, MOVE, v:1, k:eval1@mumia, mode:EDIT
2026-04-13 17:27:44, MOVE, v:1, k:eval1@mumia, mode:EDIT
2026-04-13 17:28:46, EXEC, v:1, k:eval1@mumia, mode:FULL, size:19, fail:COMP
2026-04-13 17:28:48, EXEC, v:1, k:eval1@mumia, mode:FULL, fail:COMP
2026-04-13 17:29:32, EXEC, v:1, k:eval1@mumia, mode:FULL, rate:0, size:20
2026-04-13 17:29:58, EXEC, v:1, k:eval1@mumia, mode:FULL, size:20, fail:COMP
2026-04-13 17:29:59, EXEC, v:1, k:eval1@mumia, mode:FULL, fail:COMP
2026-04-13 17:30:03, EXEC, v:1, k:eval1@mumia, mode:FULL, fail:COMP
2026-04-13 17:30:25, EXEC, v:1, k:eval1@mumia, mode:FULL, rate:0, size:22
2026-04-13 17:30:31, EXEC, v:1, k:eval1@mumia, mode:FULL, size:22, fail:COMP
2026-04-13 17:30:35, EXEC, v:1, k:eval1@mumia, mode:FULL, size:22, fail:COMP
2026-04-13 17:30:37, EXEC, v:1, k:eval1@mumia, mode:FULL, rate:22
2026-04-13 17:32:09, EXEC, v:1, k:eval1@mumia, mode:FULL, rate:77, size:21
2026-04-13 17:32:19, EXEC, v:1, k:eval1@mumia, mode:FULL, rate:100, size:21
2026-04-13 17:32:21, MOVE, v:1, k:eval1@mumia, mode:BACK
2026-04-13 17:32:35, MOVE, v:1, k:eval1@monica, mode:DOWN
2026-04-13 17:32:36, MOVE, v:1, k:eval1@monica, mode:PICK
2026-04-13 17:32:18, MOVE, v:1, k:eval1@mumia, mode:EDIT
2026-04-13 17:32:18, MOVE, v:1, k:eval1@mumia, mode:EDIT
2026-04-13 17:32:35, MOVE, v:1, k:eval1@monica, mode:EDIT
2026-04-13 17:32:35, MOVE, v:1, k:eval1@monica, mode:EDIT
2026-04-13 17:36:59, EXEC, v:1, k:eval1@monica, mode:FULL, rate:37, size:18
2026-04-13 17:37:45, EXEC, v:1, k:eval1@monica, mode:FULL, rate:37, size:18
2026-04-13 17:37:44, MOVE, v:1, k:eval1@monica, mode:EDIT
2026-04-13 17:37:44, MOVE, v:1, k:eval1@monica, mode:EDIT
2026-04-13 17:38:37, EXEC, v:1, k:eval1@monica, mode:FULL, rate:37, size:18
2026-04-13 17:40:12, EXEC, v:1, k:eval1@monica, mode:FULL, rate:58, size:19
2026-04-13 17:40:27, EXEC, v:1, k:eval1@monica, mode:FULL, rate:58, size:20
2026-04-13 17:41:24, EXEC, v:1, k:eval1@monica, mode:FULL, rate:16, size:23
2026-04-13 17:41:37, EXEC, v:1, k:eval1@monica, mode:FULL, rate:58, size:22
2026-04-13 17:42:16, EXEC, v:1, k:eval1@monica, mode:FULL, rate:100, size:22
2026-04-13 17:42:18, MOVE, v:1, k:eval1@monica, mode:BACK
2026-04-13 17:42:35, MOVE, v:1, k:eval1@pares, mode:DOWN
2026-04-13 17:42:37, MOVE, v:1, k:eval1@pares, mode:PICK
2026-04-13 17:42:15, MOVE, v:1, k:eval1@monica, mode:EDIT
2026-04-13 17:42:16, MOVE, v:1, k:eval1@monica, mode:EDIT
2026-04-13 17:42:35, MOVE, v:1, k:eval1@pares, mode:EDIT
2026-04-13 17:42:35, MOVE, v:1, k:eval1@pares, mode:EDIT
2026-04-13 17:42:35, MOVE, v:1, k:eval1@pares, mode:EDIT
2026-04-13 17:44:40, EXEC, v:1, k:eval1@pares, mode:FULL, rate:0, size:14
2026-04-13 17:45:52, EXEC, v:1, k:eval1@pares, mode:FULL, rate:0, size:18
2026-04-13 17:46:44, EXEC, v:1, k:eval1@pares, mode:FULL, rate:0, size:18
2026-04-13 17:46:45, EXEC, v:1, k:eval1@pares, mode:FULL, rate:0
2026-04-13 17:46:46, EXEC, v:1, k:eval1@pares, mode:FULL, rate:0
2026-04-13 17:46:47, EXEC, v:1, k:eval1@pares, mode:FULL, rate:0
2026-04-13 17:46:47, EXEC, v:1, k:eval1@pares, mode:FULL, rate:0
2026-04-13 17:46:49, EXEC, v:1, k:eval1@pares, mode:FULL, rate:0
2026-04-13 17:46:49, EXEC, v:1, k:eval1@pares, mode:FULL, rate:0
2026-04-13 17:46:50, EXEC, v:1, k:eval1@pares, mode:FULL, rate:0
2026-04-13 17:46:52, EXEC, v:1, k:eval1@pares, mode:FULL, rate:0
2026-04-13 17:46:52, EXEC, v:1, k:eval1@pares, mode:FULL, rate:0
2026-04-13 17:46:53, EXEC, v:1, k:eval1@pares, mode:FULL, rate:0
2026-04-13 17:46:54, EXEC, v:1, k:eval1@pares, mode:FULL, rate:0
2026-04-13 17:46:55, EXEC, v:1, k:eval1@pares, mode:FULL, rate:0
2026-04-13 17:46:56, EXEC, v:1, k:eval1@pares, mode:FULL, rate:0, size:18
2026-04-13 17:46:58, EXEC, v:1, k:eval1@pares, mode:FULL, rate:0
2026-04-13 17:46:58, EXEC, v:1, k:eval1@pares, mode:FULL, rate:0
2026-04-13 17:47:00, EXEC, v:1, k:eval1@pares, mode:FULL, rate:0
2026-04-13 17:47:01, EXEC, v:1, k:eval1@pares, mode:FULL, rate:0
2026-04-13 17:47:38, EXEC, v:1, k:eval1@pares, mode:FULL, size:19, fail:COMP
2026-04-13 17:47:40, EXEC, v:1, k:eval1@pares, mode:FULL, rate:0, size:19
2026-04-13 17:47:39, MOVE, v:1, k:eval1@pares, mode:EDIT
2026-04-13 17:47:40, MOVE, v:1, k:eval1@pares, mode:EDIT
2026-04-13 17:50:44, EXEC, v:1, k:eval1@pares, mode:FULL, size:20, fail:COMP
2026-04-13 17:50:48, EXEC, v:1, k:eval1@pares, mode:FULL, rate:0, size:20
2026-04-13 17:50:50, EXEC, v:1, k:eval1@pares, mode:FULL, rate:0
2026-04-13 17:50:59, EXEC, v:1, k:eval1@pares, mode:FULL, rate:0
2026-04-13 17:51:50, EXEC, v:1, k:eval1@pares, mode:FULL, size:20, fail:COMP
2026-04-13 17:52:48, MOVE, v:1, k:eval1@pares, mode:EDIT
2026-04-13 17:50:59, MOVE, v:1, k:eval1@pares, mode:EDIT
2026-04-13 17:53:18, EXEC, v:1, k:eval1@pares, mode:FULL, rate:0, size:23
2026-04-13 17:53:38, EXEC, v:1, k:eval1@pares, mode:FULL, rate:28, size:23
2026-04-13 17:54:37, EXEC, v:1, k:eval1@pares, mode:FULL, rate:14, size:23
2026-04-13 17:55:15, EXEC, v:1, k:eval1@pares, mode:FULL, rate:0, size:23
2026-04-13 17:55:22, EXEC, v:1, k:eval1@pares, mode:FULL, rate:0, size:23
2026-04-13 17:55:29, EXEC, v:1, k:eval1@pares, mode:FULL, size:23, fail:COMP
2026-04-13 17:55:31, EXEC, v:1, k:eval1@pares, mode:FULL, rate:28, size:23
2026-04-13 17:57:21, EXEC, v:1, k:eval1@pares, mode:FULL, rate:14, size:24
2026-04-13 17:57:50, EXEC, v:1, k:eval1@pares, mode:FULL, rate:0, size:23
2026-04-13 17:57:48, MOVE, v:1, k:eval1@pares, mode:EDIT
2026-04-13 17:57:49, MOVE, v:1, k:eval1@pares, mode:EDIT
2026-04-13 17:57:59, EXEC, v:1, k:eval1@pares, mode:FULL, rate:0, size:23
2026-04-13 17:59:21, EXEC, v:1, k:eval1@pares, mode:FULL, rate:28, size:23
2026-04-13 18:00:30, MOVE, v:1, k:eval1@pares, mode:BACK
2026-04-13 18:00:45, MOVE, v:1, k:fup@pares, mode:PICK
2026-04-13 18:01:58, EXEC, v:1, k:fup@pares, mode:FULL, rate:100
2026-04-13 18:02:00, MOVE, v:1, k:fup@pares, mode:BACK
2026-04-13 18:02:19, MOVE, v:1, k:eval1@pares, mode:PICK
2026-04-13 18:02:27, EXEC, v:1, k:eval1@pares, mode:FULL, rate:0, size:24
2026-04-13 18:03:07, MOVE, v:1, k:eval1@pares, mode:BACK
2026-04-13 18:03:17, MOVE, v:1, k:fup@pares, mode:PICK
2026-04-13 18:03:37, MOVE, v:1, k:fup@pares, mode:BACK
2026-04-13 18:03:43, MOVE, v:1, k:eval1@pares, mode:PICK
2026-04-13 18:05:21, EXEC, v:1, k:eval1@pares, mode:FULL, size:24, fail:COMP
2026-04-13 18:05:22, EXEC, v:1, k:eval1@pares, mode:FULL, fail:COMP
2026-04-13 18:05:23, EXEC, v:1, k:eval1@pares, mode:FULL, fail:COMP
2026-04-13 18:02:26, MOVE, v:1, k:eval1@pares, mode:EDIT
2026-04-13 18:06:33, MOVE, v:1, k:eval1@pares, mode:EDIT
2026-04-13 18:07:35, MOVE, v:1, k:eval1@pares, mode:BACK
2026-04-13 18:07:42, MOVE, v:1, k:fup@pares, mode:PICK
2026-04-13 18:07:56, MOVE, v:1, k:fup@pares, mode:BACK
2026-04-13 18:08:01, MOVE, v:1, k:eval1@pares, mode:PICK
2026-04-13 18:08:48, MOVE, v:1, k:eval1@pares, mode:BACK
2026-04-13 18:08:53, MOVE, v:1, k:fup@pares, mode:PICK
2026-04-13 18:09:18, EXEC, v:1, k:fup@pares, mode:FULL, rate:100
2026-04-13 18:09:19, MOVE, v:1, k:fup@pares, mode:BACK
2026-04-13 18:09:25, MOVE, v:1, k:eval1@pares, mode:PICK
2026-04-13 18:09:32, EXEC, v:1, k:eval1@pares, mode:FULL, rate:85, size:30
2026-04-13 18:09:59, EXEC, v:1, k:eval1@pares, mode:FULL, rate:100, size:28
2026-04-13 18:10:01, MOVE, v:1, k:eval1@pares, mode:BACK
2026-04-13 18:10:14, MOVE, v:1, k:eval1@ceu, mode:DOWN
2026-04-13 18:10:17, MOVE, v:1, k:eval1@ceu, mode:PICK
2026-04-13 18:09:58, MOVE, v:1, k:eval1@pares, mode:EDIT
2026-04-13 18:09:17, MOVE, v:1, k:fup@pares, mode:EDIT
2026-04-13 18:09:59, MOVE, v:1, k:eval1@pares, mode:EDIT
2026-04-13 18:10:14, MOVE, v:1, k:eval1@ceu, mode:EDIT
2026-04-13 18:10:14, MOVE, v:1, k:eval1@ceu, mode:EDIT
2026-04-13 18:12:09, MOVE, v:1, k:eval1@ceu, mode:EDIT
2026-04-13 18:12:58, EXEC, v:1, k:eval1@ceu, mode:FULL, rate:0, size:14
2026-04-13 18:13:14, EXEC, v:1, k:eval1@ceu, mode:FULL, rate:0, size:15
2026-04-13 18:13:21, EXEC, v:1, k:eval1@ceu, mode:FULL, rate:0, size:15
2026-04-13 18:13:39, EXEC, v:1, k:eval1@ceu, mode:FULL, rate:0, size:15
2026-04-13 18:13:48, EXEC, v:1, k:eval1@ceu, mode:FULL, rate:0, size:15
2026-04-13 18:13:55, EXEC, v:1, k:eval1@ceu, mode:FULL, rate:0, size:15
2026-04-13 18:14:04, EXEC, v:1, k:eval1@ceu, mode:FULL, rate:0, size:15
2026-04-13 18:14:10, EXEC, v:1, k:eval1@ceu, mode:FULL, rate:0, size:15
2026-04-13 18:14:42, EXEC, v:1, k:eval1@ceu, mode:FULL, rate:0, size:15
2026-04-13 18:14:50, EXEC, v:1, k:eval1@ceu, mode:FULL, rate:0, size:15
2026-04-13 18:15:06, EXEC, v:1, k:eval1@ceu, mode:FULL, rate:80, size:15
2026-04-13 18:15:24, EXEC, v:1, k:eval1@ceu, mode:FULL, rate:80
2026-04-13 18:15:46, EXEC, v:1, k:eval1@ceu, mode:FULL, rate:0, size:15
2026-04-13 18:15:51, EXEC, v:1, k:eval1@ceu, mode:FULL, rate:80, size:15
2026-04-13 18:16:44, EXEC, v:1, k:eval1@ceu, mode:FULL, rate:80, size:18
2026-04-13 18:16:51, EXEC, v:1, k:eval1@ceu, mode:FULL, rate:80, size:18
2026-04-13 18:17:06, MOVE, v:1, k:eval1@ceu, mode:EDIT
2026-04-13 18:16:51, MOVE, v:1, k:eval1@ceu, mode:EDIT
2026-04-13 18:17:17, MOVE, v:1, k:eval1@ceu, mode:BACK
2026-04-13 18:17:22, MOVE, v:1, k:fup@ceu, mode:PICK
2026-04-13 18:18:54, EXEC, v:1, k:fup@ceu, mode:FULL, rate:100
2026-04-13 18:19:03, MOVE, v:1, k:fup@ceu, mode:BACK
2026-04-13 18:19:11, MOVE, v:1, k:eval1@ceu, mode:PICK
2026-04-13 18:19:18, EXEC, v:1, k:eval1@ceu, mode:FULL, rate:0, size:20
2026-04-13 18:19:37, EXEC, v:1, k:eval1@ceu, mode:FULL, size:20, fail:COMP
2026-04-13 18:19:38, EXEC, v:1, k:eval1@ceu, mode:FULL, fail:COMP
2026-04-13 18:19:39, EXEC, v:1, k:eval1@ceu, mode:FULL, fail:COMP
2026-04-13 18:19:42, EXEC, v:1, k:eval1@ceu, mode:FULL, rate:80, size:20
2026-04-13 18:19:56, EXEC, v:1, k:eval1@ceu, mode:FULL, rate:0, size:20
2026-04-13 18:19:59, EXEC, v:1, k:eval1@ceu, mode:FULL, rate:0
2026-04-13 18:20:09, EXEC, v:1, k:eval1@ceu, mode:FULL, rate:80, size:20
2026-04-13 18:20:39, EXEC, v:1, k:eval1@ceu, mode:FULL, rate:80, size:22
2026-04-13 18:20:46, MOVE, v:1, k:eval1@ceu, mode:BACK
2026-04-13 18:20:55, MOVE, v:1, k:fup@ceu, mode:PICK
2026-04-13 18:21:17, MOVE, v:1, k:fup@ceu, mode:BACK
2026-04-13 18:21:21, MOVE, v:1, k:eval1@ceu, mode:PICK
2026-04-13 18:21:41, EXEC, v:1, k:eval1@ceu, mode:FULL, rate:80, size:20
2026-04-13 18:21:50, EXEC, v:1, k:eval1@ceu, mode:FULL, rate:80, size:20
2026-04-13 18:22:03, MOVE, v:1, k:eval1@ceu, mode:BACK
2026-04-13 18:21:50, MOVE, v:1, k:eval1@ceu, mode:EDIT
2026-04-13 18:18:54, MOVE, v:1, k:fup@ceu, mode:EDIT
2026-04-13 18:21:50, MOVE, v:1, k:eval1@ceu, mode:EDIT
2026-04-13 18:22:10, MOVE, v:1, k:fup@ceu, mode:PICK
2026-04-13 18:22:34, MOVE, v:1, k:fup@ceu, mode:BACK
2026-04-13 18:22:37, MOVE, v:1, k:eval1@ceu, mode:PICK
2026-04-13 18:22:57, EXEC, v:1, k:eval1@ceu, mode:FULL, rate:80, size:20
2026-04-13 18:23:37, EXEC, v:1, k:eval1@ceu, mode:FULL, rate:0, size:20
2026-04-13 18:23:52, EXEC, v:1, k:eval1@ceu, mode:FULL, rate:0, size:21
2026-04-13 18:23:59, EXEC, v:1, k:eval1@ceu, mode:FULL, rate:0, size:21
2026-04-13 18:24:12, EXEC, v:1, k:eval1@ceu, mode:FULL, rate:80, size:21
2026-04-13 18:24:23, EXEC, v:1, k:eval1@ceu, mode:FULL, rate:80, size:21
2026-04-13 18:24:40, EXEC, v:1, k:eval1@ceu, mode:FULL, rate:0, size:21
2026-04-13 18:24:50, EXEC, v:1, k:eval1@ceu, mode:FULL, rate:0, size:19
2026-04-13 18:25:00, EXEC, v:1, k:eval1@ceu, mode:FULL, rate:0, size:19
2026-04-13 18:25:03, MOVE, v:1, k:eval1@ceu, mode:BACK
2026-04-13 18:25:08, MOVE, v:1, k:fup@ceu, mode:PICK
2026-04-13 18:25:56, MOVE, v:1, k:fup@ceu, mode:BACK
2026-04-13 18:26:01, MOVE, v:1, k:eval1@ceu, mode:PICK
2026-04-13 18:26:27, EXEC, v:1, k:eval1@ceu, mode:FULL, rate:0, size:19
2026-04-13 18:26:44, EXEC, v:1, k:eval1@ceu, mode:FULL, rate:0, size:19
2026-04-13 18:26:55, EXEC, v:1, k:eval1@ceu, mode:FULL, rate:100, size:19
2026-04-13 18:26:58, MOVE, v:1, k:eval1@ceu, mode:BACK
