2026-03-23 16:41:32, MOVE, v:1, k:fup@abs, mode:PICK
2026-03-23 16:41:41, EXEC, v:1, k:fup@abs, mode:FULL, rate:0, size:5
2026-03-23 16:41:41, EXEC, v:1, k:fup@abs, mode:FULL, rate:0, size:5
2026-03-23 16:41:51, EXEC, v:1, k:fup@abs, mode:FREE, size:5
2026-03-23 16:42:26, MOVE, v:1, k:fup@abs, mode:BACK
2026-03-23 16:42:30, MOVE, v:1, k:fup@abs, mode:PICK
2026-03-23 16:51:01, MOVE, v:1, k:fup@abs, mode:BACK
2026-03-23 16:51:13, MOVE, v:1, k:fup@bala, mode:PICK
2026-03-23 16:51:26, MOVE, v:1, k:fup@bala, mode:BACK
2026-03-23 16:51:39, MOVE, v:1, k:fup@abs, mode:PICK
2026-03-23 16:51:40, EXEC, v:1, k:fup@abs, mode:FULL, size:11, fail:COMP
2026-03-23 16:51:42, MOVE, v:1, k:fup@abs, mode:BACK
2026-03-23 16:51:44, MOVE, v:1, k:fup@abs, mode:PICK
2026-03-23 16:56:24, EXEC, v:1, k:fup@abs, mode:FULL, rate:100, size:12
2026-03-23 16:57:52, EXEC, v:1, k:fup@abs, mode:FULL, rate:100, size:12
2026-03-23 16:57:53, MOVE, v:1, k:fup@abs, mode:BACK
2026-03-23 16:58:30, SELF, v:1, k:fup@abs, self:1, rate:100, study:16, concept:1, refactor:1
2026-03-23 16:58:35, MOVE, v:1, k:fup@max, mode:DOWN
2026-03-23 16:58:37, MOVE, v:1, k:fup@max, mode:PICK
2026-03-23 17:03:43, EXEC, v:1, k:fup@max, mode:FULL, size:18, fail:COMP
2026-03-23 17:03:45, EXEC, v:1, k:fup@max, mode:FULL, fail:COMP
2026-03-23 17:04:36, EXEC, v:1, k:fup@max, mode:FULL, rate:100, size:16
2026-03-23 17:04:56, MOVE, v:1, k:fup@max, mode:BACK
2026-03-23 17:05:13, SELF, v:1, k:fup@max, self:1, rate:100, study:6
2026-03-23 17:05:16, MOVE, v:1, k:fup@ou, mode:DOWN
2026-03-23 17:05:18, MOVE, v:1, k:fup@ou, mode:PICK
2026-03-23 17:09:21, EXEC, v:1, k:fup@ou, mode:FULL, rate:0, size:12
2026-03-23 17:11:06, EXEC, v:1, k:fup@ou, mode:FULL, rate:0, size:12
2026-03-23 17:11:21, EXEC, v:1, k:fup@ou, mode:FULL, rate:0
2026-03-23 17:12:13, EXEC, v:1, k:fup@ou, mode:FULL, rate:40, size:13
2026-03-23 17:12:38, EXEC, v:1, k:fup@ou, mode:FULL, rate:100, size:13
2026-03-23 17:13:07, MOVE, v:1, k:fup@ou, mode:BACK
2026-03-23 17:13:18, MOVE, v:1, k:fup@ou, mode:PICK
2026-03-23 17:13:19, MOVE, v:1, k:fup@ou, mode:BACK
2026-03-23 17:13:35, SELF, v:1, k:fup@ou, self:1, rate:100, study:6
2026-03-23 17:13:38, MOVE, v:1, k:fup@positivo, mode:DOWN
2026-03-23 17:13:44, MOVE, v:1, k:fup@positivo, mode:PICK
2026-03-23 17:16:01, EXEC, v:1, k:fup@positivo, mode:FULL, rate:60, size:11
2026-03-23 17:16:16, EXEC, v:1, k:fup@positivo, mode:FULL, rate:100, size:12
2026-03-23 17:16:35, EXEC, v:1, k:fup@positivo, mode:FULL, rate:60, size:12
2026-03-23 17:16:45, EXEC, v:1, k:fup@positivo, mode:FULL, rate:100, size:12
2026-03-23 17:16:59, MOVE, v:1, k:fup@positivo, mode:BACK
2026-03-23 17:17:10, SELF, v:1, k:fup@positivo, self:1, rate:100, study:3
2026-03-23 17:17:14, MOVE, v:1, k:fup@multiplo, mode:DOWN
2026-03-23 17:17:15, MOVE, v:1, k:fup@multiplo, mode:PICK
2026-03-23 17:18:52, EXEC, v:1, k:fup@multiplo, mode:FULL, rate:57, size:12
2026-03-23 17:19:05, EXEC, v:1, k:fup@multiplo, mode:FULL, rate:100, size:13
2026-03-23 17:19:22, MOVE, v:1, k:fup@multiplo, mode:BACK
2026-03-23 17:19:34, SELF, v:1, k:fup@multiplo, self:1, rate:100, study:2
2026-03-23 17:19:50, MOVE, v:1, k:fup@calc, mode:DOWN
2026-03-23 17:19:51, MOVE, v:1, k:fup@calc, mode:PICK
2026-03-23 17:25:24, MOVE, v:1, k:fup@calc, mode:BACK
2026-03-23 17:25:30, MOVE, v:1, k:fup@guarda, mode:DOWN
2026-03-23 17:25:32, MOVE, v:1, k:fup@guarda, mode:PICK
2026-03-23 17:30:49, EXEC, v:1, k:fup@guarda, mode:FULL, rate:85, size:20
2026-03-23 17:31:27, EXEC, v:1, k:fup@guarda, mode:FULL, rate:85, size:20
2026-03-23 17:31:37, EXEC, v:1, k:fup@guarda, mode:FULL, rate:85, size:20
2026-03-23 17:31:50, EXEC, v:1, k:fup@guarda, mode:FULL, rate:100, size:20
2026-03-23 17:33:05, MOVE, v:1, k:fup@guarda, mode:BACK
2026-03-23 17:33:10, MOVE, v:1, k:fup@guarda, mode:PICK
2026-03-23 17:33:12, MOVE, v:1, k:fup@guarda, mode:BACK
2026-03-23 17:33:21, SELF, v:1, k:fup@guarda, self:1, rate:100, study:7, concept:1
2026-03-23 17:33:27, MOVE, v:1, k:fup@quantos, mode:DOWN
2026-03-23 17:33:28, MOVE, v:1, k:fup@quantos, mode:PICK
2026-03-23 17:41:16, EXEC, v:1, k:fup@quantos, mode:FULL, rate:0, size:18
2026-03-23 17:41:23, EXEC, v:1, k:fup@quantos, mode:FULL, rate:100, size:18
2026-03-23 17:42:25, EXEC, v:1, k:fup@quantos, mode:FULL, rate:100, size:19
2026-03-23 17:42:45, MOVE, v:1, k:fup@quantos, mode:BACK
2026-03-23 17:43:12, SELF, v:1, k:fup@quantos, self:1, rate:100, study:9, concept:1
2026-03-23 17:43:28, MOVE, v:1, k:fup@mumia, mode:DOWN
2026-03-23 17:43:30, MOVE, v:1, k:fup@mumia, mode:PICK
2026-03-23 17:44:01, EXEC, v:1, k:fup@mumia, mode:FULL, size:6, fail:COMP
2026-03-23 17:44:07, EXEC, v:1, k:fup@mumia, mode:FULL, fail:COMP
2026-03-23 17:44:08, EXEC, v:1, k:fup@mumia, mode:FULL, rate:0, size:5
2026-03-23 17:54:11, EXEC, v:1, k:fup@mumia, mode:FULL, size:13, fail:COMP
2026-03-23 17:54:13, EXEC, v:1, k:fup@mumia, mode:FULL, fail:COMP
2026-03-23 17:56:34, MOVE, v:1, k:fup@mumia, mode:BACK
2026-03-23 17:59:42, MOVE, v:1, k:fup@quantos, mode:PICK
2026-03-23 18:00:30, MOVE, v:1, k:fup@quantos, mode:BACK
2026-03-23 18:00:44, MOVE, v:1, k:fup@calc, mode:PICK
2026-03-23 18:01:12, EXEC, v:1, k:fup@calc, mode:FULL, size:7, fail:COMP
2026-03-23 18:02:23, MOVE, v:1, k:fup@calc, mode:BACK
2026-03-23 18:03:22, MOVE, v:1, k:fup@calc, mode:PICK
2026-03-23 18:13:59, EXEC, v:1, k:fup@calc, mode:FULL, size:24, fail:COMP
2026-03-23 18:14:00, EXEC, v:1, k:fup@calc, mode:FULL, fail:COMP
2026-03-23 18:14:06, EXEC, v:1, k:fup@calc, mode:FULL, size:25, fail:COMP
2026-03-23 18:14:07, EXEC, v:1, k:fup@calc, mode:FULL, fail:COMP
2026-03-23 18:14:23, EXEC, v:1, k:fup@calc, mode:FULL, size:25, fail:COMP
2026-03-23 18:14:25, EXEC, v:1, k:fup@calc, mode:FULL, fail:COMP
2026-03-23 18:14:44, EXEC, v:1, k:fup@calc, mode:FULL, size:26, fail:COMP
2026-03-23 18:14:48, EXEC, v:1, k:fup@calc, mode:FULL, rate:100, size:26
2026-03-23 18:15:52, MOVE, v:1, k:fup@calc, mode:BACK
2026-03-23 18:16:05, MOVE, v:1, k:fup@calc, mode:PICK
2026-03-23 18:16:06, MOVE, v:1, k:fup@calc, mode:BACK
2026-03-23 18:16:22, SELF, v:1, k:fup@calc, self:1, rate:100, study:20, friend:David Mesquita, concept:1
2026-03-23 18:17:53, MOVE, v:1, k:fup@impar, mode:DOWN
2026-03-23 18:17:54, MOVE, v:1, k:fup@impar, mode:PICK
2026-03-23 18:21:08, EXEC, v:1, k:fup@impar, mode:FULL, size:7, fail:COMP
2026-03-23 18:21:09, EXEC, v:1, k:fup@impar, mode:FULL, fail:COMP
2026-03-23 18:21:12, EXEC, v:1, k:fup@impar, mode:FULL, fail:COMP
2026-03-23 18:21:14, EXEC, v:1, k:fup@impar, mode:FULL, rate:0, size:7
