2026-04-14 16:17:24, MOVE, v:1, k:fup@concentra, mode:PICK
2026-04-14 16:17:39, MOVE, v:1, k:fup@concentra, mode:BACK
2026-04-14 16:17:42, MOVE, v:1, k:fup@sapinho, mode:PICK
2026-04-14 16:18:23, EXEC, v:1, k:fup@sapinho, mode:FULL, rate:0, size:22
2026-04-14 16:20:28, EXEC, v:1, k:fup@sapinho, mode:FULL, rate:0, size:22
2026-04-14 16:20:51, EXEC, v:1, k:fup@sapinho, mode:FULL, rate:0, size:22
2026-04-14 16:21:01, EXEC, v:1, k:fup@sapinho, mode:FULL, rate:0, size:22
2026-04-14 16:21:02, EXEC, v:1, k:fup@sapinho, mode:FULL, rate:0
2026-04-14 16:21:18, EXEC, v:1, k:fup@sapinho, mode:FULL, rate:0, size:22
2026-04-14 16:21:21, EXEC, v:1, k:fup@sapinho, mode:FULL, rate:0
2026-04-14 16:21:26, EXEC, v:1, k:fup@sapinho, mode:FULL, rate:0
2026-04-14 16:21:39, EXEC, v:1, k:fup@sapinho, mode:FULL, rate:0, size:22
2026-04-14 16:21:39, MOVE, v:1, k:fup@sapinho, mode:EDIT
2026-04-14 16:21:39, MOVE, v:1, k:fup@sapinho, mode:EDIT
2026-04-14 16:27:00, MOVE, v:1, k:fup@sapinho, mode:EDIT
2026-04-14 16:28:05, EXEC, v:1, k:fup@sapinho, mode:FULL, rate:0, size:21
2026-04-14 16:28:23, EXEC, v:1, k:fup@sapinho, mode:FULL, rate:0, size:21
2026-04-14 16:28:30, EXEC, v:1, k:fup@sapinho, mode:FULL, size:21, fail:COMP
2026-04-14 16:28:35, EXEC, v:1, k:fup@sapinho, mode:FULL, size:21, fail:COMP
2026-04-14 16:28:38, EXEC, v:1, k:fup@sapinho, mode:FULL, rate:0, size:21
2026-04-14 16:28:54, MOVE, v:1, k:fup@sapinho, mode:PICK
2026-04-14 16:29:25, EXEC, v:1, k:fup@sapinho, mode:FULL, rate:0, size:18
2026-04-14 16:29:46, EXEC, v:1, k:fup@sapinho, mode:FULL, rate:0, size:18
2026-04-14 16:30:09, EXEC, v:1, k:fup@sapinho, mode:FULL, rate:0, size:18
2026-04-14 16:30:14, EXEC, v:1, k:fup@sapinho, mode:FULL, rate:0, size:18
2026-04-14 16:31:00, EXEC, v:1, k:fup@sapinho, mode:FULL, rate:0, size:22
2026-04-14 16:31:13, EXEC, v:1, k:fup@sapinho, mode:FULL, rate:0, size:19
2026-04-14 16:33:29, EXEC, v:1, k:fup@sapinho, mode:FULL, rate:0, size:21
2026-04-14 16:33:39, EXEC, v:1, k:fup@sapinho, mode:FULL, rate:0, size:21
2026-04-14 16:28:53, MOVE, v:1, k:fup@sapinho, mode:EDIT
2026-04-14 16:33:38, MOVE, v:1, k:fup@sapinho, mode:EDIT
2026-04-14 16:33:39, MOVE, v:1, k:fup@sapinho, mode:EDIT
2026-04-14 16:34:49, EXEC, v:1, k:fup@sapinho, mode:FULL, rate:0, size:20
2026-04-14 16:38:28, MOVE, v:1, k:fup@lotado, mode:DOWN
2026-04-14 16:38:29, MOVE, v:1, k:fup@lotado, mode:PICK
2026-04-14 16:42:41, MOVE, v:1, k:fup@lotado, mode:BACK
2026-04-14 16:38:28, MOVE, v:1, k:fup@lotado, mode:EDIT
2026-04-14 16:38:28, MOVE, v:1, k:fup@lotado, mode:EDIT
2026-04-14 16:42:33, MOVE, v:1, k:fup@lotado, mode:EDIT
2026-04-14 16:43:00, MOVE, v:1, k:sandbox@user_001, mode:PICK
2026-04-14 16:43:05, EXEC, v:1, k:sandbox@user_001, mode:LOCK, rate:0, size:5
2026-04-14 16:45:38, EXEC, v:1, k:sandbox@user_001, mode:LOCK, rate:0, size:6
2026-04-14 16:46:35, EXEC, v:1, k:sandbox@user_001, mode:LOCK, rate:0, size:6
2026-04-14 16:47:13, EXEC, v:1, k:sandbox@user_001, mode:LOCK, rate:0, size:6
2026-04-14 16:47:54, MOVE, v:1, k:sandbox@user_001, mode:EDIT
2026-04-14 16:42:57, MOVE, v:1, k:sandbox@user_001, mode:EDIT
2026-04-14 16:47:13, MOVE, v:1, k:sandbox@user_001, mode:EDIT
2026-04-14 16:48:05, EXEC, v:1, k:sandbox@user_001, mode:LOCK, rate:0, size:8
2026-04-14 16:50:14, EXEC, v:1, k:sandbox@user_001, mode:LOCK, rate:0, size:9
2026-04-14 16:51:45, EXEC, v:1, k:sandbox@user_001, mode:LOCK, rate:0, size:12
2026-04-14 16:51:45, MOVE, v:1, k:sandbox@user_001, mode:EDIT
2026-04-14 16:51:45, MOVE, v:1, k:sandbox@user_001, mode:EDIT
2026-04-14 16:55:25, EXEC, v:1, k:sandbox@user_001, mode:LOCK, rate:0, size:13
2026-04-14 16:56:57, EXEC, v:1, k:sandbox@user_001, mode:LOCK, rate:0, size:12
2026-04-14 16:56:55, MOVE, v:1, k:sandbox@user_001, mode:EDIT
2026-04-14 16:56:56, MOVE, v:1, k:sandbox@user_001, mode:EDIT
2026-04-14 16:59:32, EXEC, v:1, k:sandbox@user_001, mode:LOCK, rate:0, size:8
2026-04-14 17:00:25, EXEC, v:1, k:sandbox@user_001, mode:LOCK, rate:0, size:10
2026-04-14 17:00:40, EXEC, v:1, k:sandbox@user_001, mode:LOCK, rate:0, size:12
2026-04-14 17:01:39, EXEC, v:1, k:sandbox@user_001, mode:LOCK, rate:0
2026-04-14 17:01:40, EXEC, v:1, k:sandbox@user_001, mode:LOCK, rate:0
2026-04-14 17:01:41, EXEC, v:1, k:sandbox@user_001, mode:LOCK, rate:0
2026-04-14 17:01:59, EXEC, v:1, k:sandbox@user_001, mode:FREE
2026-04-14 17:00:39, MOVE, v:1, k:sandbox@user_001, mode:EDIT
2026-04-14 17:02:16, MOVE, v:1, k:sandbox@user_001, mode:EDIT
2026-04-14 17:07:50, MOVE, v:1, k:sandbox@user_001, mode:EDIT
2026-04-14 17:12:43, EXEC, v:1, k:sandbox@user_001, mode:LOCK, rate:0, size:17
2026-04-14 17:12:52, EXEC, v:1, k:sandbox@user_001, mode:LOCK, rate:0, size:17
2026-04-14 17:12:52, MOVE, v:1, k:sandbox@user_001, mode:EDIT
2026-04-14 17:12:52, MOVE, v:1, k:sandbox@user_001, mode:EDIT
2026-04-14 17:13:39, EXEC, v:1, k:sandbox@user_001, mode:LOCK, rate:0, size:17
2026-04-14 17:14:02, EXEC, v:1, k:sandbox@user_001, mode:LOCK, rate:0, size:14
2026-04-14 17:14:04, EXEC, v:1, k:sandbox@user_001, mode:LOCK, rate:0
2026-04-14 17:14:15, EXEC, v:1, k:sandbox@user_001, mode:LOCK, rate:0
2026-04-14 17:14:47, EXEC, v:1, k:sandbox@user_001, mode:LOCK, rate:0, size:14
2026-04-14 17:15:04, EXEC, v:1, k:sandbox@user_001, mode:LOCK, rate:0, size:14
2026-04-14 17:15:28, EXEC, v:1, k:sandbox@user_001, mode:FULL, size:14, fail:COMP
2026-04-14 17:15:29, EXEC, v:1, k:sandbox@user_001, mode:LOCK, rate:0, size:14
2026-04-14 17:15:54, EXEC, v:1, k:sandbox@user_001, mode:LOCK, rate:0, size:14
2026-04-14 17:15:56, EXEC, v:1, k:sandbox@user_001, mode:LOCK, rate:0
2026-04-14 17:15:53, MOVE, v:1, k:sandbox@user_001, mode:EDIT
2026-04-14 17:15:56, MOVE, v:1, k:sandbox@user_001, mode:EDIT
2026-04-14 17:19:04, EXEC, v:1, k:sandbox@user_001, mode:LOCK, rate:0
2026-04-14 17:19:25, EXEC, v:1, k:sandbox@user_001, mode:LOCK, rate:0, size:14
2026-04-14 17:19:57, EXEC, v:1, k:sandbox@user_001, mode:LOCK, rate:0, size:14
2026-04-14 17:21:27, EXEC, v:1, k:sandbox@user_001, mode:LOCK, rate:0, size:17
2026-04-14 17:21:32, EXEC, v:1, k:sandbox@user_001, mode:LOCK, rate:0
2026-04-14 17:21:34, EXEC, v:1, k:sandbox@user_001, mode:LOCK, rate:0, size:17
2026-04-14 17:21:40, EXEC, v:1, k:sandbox@user_001, mode:LOCK, rate:0, size:17
2026-04-14 17:21:41, EXEC, v:1, k:sandbox@user_001, mode:LOCK, rate:0
2026-04-14 17:21:47, EXEC, v:1, k:sandbox@user_001, mode:LOCK, rate:0
2026-04-14 17:21:55, EXEC, v:1, k:sandbox@user_001, mode:LOCK, rate:0
2026-04-14 17:21:55, MOVE, v:1, k:sandbox@user_001, mode:EDIT
2026-04-14 17:21:51, MOVE, v:1, k:sandbox@user_001, mode:EDIT
2026-04-14 17:24:10, EXEC, v:1, k:sandbox@user_001, mode:LOCK, rate:0, size:22
2026-04-14 17:24:56, EXEC, v:1, k:sandbox@user_001, mode:LOCK, rate:0
2026-04-14 17:24:57, EXEC, v:1, k:sandbox@user_001, mode:LOCK, rate:0, size:21
2026-04-14 17:25:45, EXEC, v:1, k:sandbox@user_001, mode:LOCK, rate:0, size:21
2026-04-14 17:27:35, MOVE, v:1, k:sandbox@user_001, mode:EDIT
2026-04-14 17:25:45, MOVE, v:1, k:sandbox@user_001, mode:EDIT
2026-04-14 17:29:50, MOVE, v:1, k:sandbox@user_001, mode:BACK
2026-04-14 17:30:13, MOVE, v:1, k:fup@vet_i, mode:DOWN
2026-04-14 17:30:16, MOVE, v:1, k:fup@vet_i, mode:PICK
2026-04-14 17:32:51, EXEC, v:1, k:fup@vet_i, mode:FULL, rate:0, size:12
2026-04-14 17:30:13, MOVE, v:1, k:fup@vet_i, mode:EDIT
2026-04-14 17:30:13, MOVE, v:1, k:fup@vet_i, mode:EDIT
2026-04-14 17:32:46, MOVE, v:1, k:fup@vet_i, mode:EDIT
2026-04-14 17:32:51, MOVE, v:1, k:fup@vet_i, mode:EDIT
2026-04-14 17:33:20, EXEC, v:1, k:fup@vet_i, mode:FULL, rate:0
2026-04-14 17:33:26, EXEC, v:1, k:fup@vet_i, mode:FULL, rate:0, size:12
2026-04-14 17:33:35, EXEC, v:1, k:fup@vet_i, mode:FREE
2026-04-14 17:33:56, MOVE, v:1, k:fup@vet_i, mode:BACK
2026-04-14 17:33:59, MOVE, v:1, k:sandbox@user_001, mode:PICK
2026-04-14 17:33:35, MOVE, v:1, k:fup@vet_i, mode:EDIT
2026-04-14 17:37:00, MOVE, v:1, k:fup@vet_i, mode:EDIT
2026-04-14 17:36:08, MOVE, v:1, k:sandbox@user_001, mode:EDIT
2026-04-14 17:39:10, EXEC, v:1, k:sandbox@user_001, mode:FULL, size:25, fail:COMP
2026-04-14 17:39:11, EXEC, v:1, k:sandbox@user_001, mode:FULL, fail:COMP
2026-04-14 17:39:12, EXEC, v:1, k:sandbox@user_001, mode:FULL, fail:COMP
2026-04-14 17:39:12, EXEC, v:1, k:sandbox@user_001, mode:FULL, fail:COMP
2026-04-14 17:39:13, EXEC, v:1, k:sandbox@user_001, mode:FULL, fail:COMP
2026-04-14 17:39:13, EXEC, v:1, k:sandbox@user_001, mode:FULL, fail:COMP
2026-04-14 17:39:13, EXEC, v:1, k:sandbox@user_001, mode:FULL, fail:COMP
2026-04-14 17:39:13, EXEC, v:1, k:sandbox@user_001, mode:FULL, fail:COMP
2026-04-14 17:39:16, EXEC, v:1, k:sandbox@user_001, mode:FULL, fail:COMP
2026-04-14 17:39:18, EXEC, v:1, k:sandbox@user_001, mode:FULL, fail:COMP
2026-04-14 17:39:18, EXEC, v:1, k:sandbox@user_001, mode:FULL, fail:COMP
2026-04-14 17:39:27, EXEC, v:1, k:sandbox@user_001, mode:FULL, fail:COMP
2026-04-14 17:39:28, EXEC, v:1, k:sandbox@user_001, mode:FULL, fail:COMP
2026-04-14 17:39:29, EXEC, v:1, k:sandbox@user_001, mode:FULL, fail:COMP
2026-04-14 17:39:29, EXEC, v:1, k:sandbox@user_001, mode:FULL, fail:COMP
2026-04-14 17:39:33, MOVE, v:1, k:sandbox@user_001, mode:BACK
2026-04-14 17:39:43, MOVE, v:1, k:fup@vet_i, mode:PICK
2026-04-14 17:39:57, EXEC, v:1, k:fup@vet_i, mode:FULL, rate:0, size:11
2026-04-14 17:40:26, EXEC, v:1, k:fup@vet_i, mode:FULL, size:12, fail:COMP
2026-04-14 17:40:27, EXEC, v:1, k:fup@vet_i, mode:FULL, rate:0, size:12
2026-04-14 17:41:07, EXEC, v:1, k:fup@vet_i, mode:FREE
2026-04-14 17:42:06, EXEC, v:1, k:fup@vet_i, mode:FULL, rate:0, size:12
2026-04-14 17:42:12, EXEC, v:1, k:fup@vet_i, mode:FULL, rate:0, size:12
2026-04-14 17:42:39, MOVE, v:1, k:fup@vet_i, mode:BACK
2026-04-14 17:42:43, MOVE, v:1, k:sandbox@user_001, mode:PICK
2026-04-14 17:42:11, MOVE, v:1, k:fup@vet_i, mode:EDIT
2026-04-14 17:42:12, MOVE, v:1, k:fup@vet_i, mode:EDIT
2026-04-14 17:43:12, MOVE, v:1, k:sandbox@user_001, mode:BACK
2026-04-14 17:44:52, MOVE, v:1, k:fup@vet_i, mode:PICK
2026-04-14 17:45:28, EXEC, v:1, k:fup@vet_i, mode:FULL, rate:0, size:12
2026-04-14 17:45:30, EXEC, v:1, k:fup@vet_i, mode:FULL, rate:0
2026-04-14 17:46:16, EXEC, v:1, k:fup@vet_i, mode:FULL, rate:0, size:12
2026-04-14 17:46:17, EXEC, v:1, k:fup@vet_i, mode:FULL, rate:0
2026-04-14 17:47:40, MOVE, v:1, k:fup@vet_i, mode:EDIT
2026-04-14 17:46:17, MOVE, v:1, k:fup@vet_i, mode:EDIT
2026-04-14 17:48:12, EXEC, v:1, k:fup@vet_i, mode:FULL, rate:0, size:12
2026-04-14 17:48:14, EXEC, v:1, k:fup@vet_i, mode:FULL, rate:0
2026-04-14 17:48:20, EXEC, v:1, k:fup@vet_i, mode:FULL, rate:0
2026-04-14 17:48:21, EXEC, v:1, k:fup@vet_i, mode:FULL, rate:0
2026-04-14 17:48:48, EXEC, v:1, k:fup@vet_i, mode:FULL, rate:0
2026-04-14 17:48:59, EXEC, v:1, k:fup@vet_i, mode:FULL, rate:0, size:12
2026-04-14 17:49:01, EXEC, v:1, k:fup@vet_i, mode:FULL, rate:0
2026-04-14 17:49:07, EXEC, v:1, k:fup@vet_i, mode:FULL, rate:0
2026-04-14 17:49:24, MOVE, v:1, k:fup@vet_i, mode:PICK
2026-04-14 17:49:47, EXEC, v:1, k:fup@vet_i, mode:FULL, rate:0, size:12
2026-04-14 17:49:51, EXEC, v:1, k:fup@vet_i, mode:FULL, rate:0
2026-04-14 17:50:04, EXEC, v:1, k:fup@vet_i, mode:FULL, rate:0, size:12
2026-04-14 17:50:14, EXEC, v:1, k:fup@vet_i, mode:FULL, rate:0, size:12
2026-04-14 17:50:17, EXEC, v:1, k:fup@vet_i, mode:FULL, rate:0
2026-04-14 17:50:22, EXEC, v:1, k:fup@vet_i, mode:FULL, rate:0, size:12
2026-04-14 17:50:24, EXEC, v:1, k:fup@vet_i, mode:FULL, rate:0
2026-04-14 17:50:27, EXEC, v:1, k:fup@vet_i, mode:FULL, rate:0
2026-04-14 17:51:06, EXEC, v:1, k:fup@vet_i, mode:FULL, rate:0, size:12
2026-04-14 17:51:14, EXEC, v:1, k:fup@vet_i, mode:FULL, rate:0, size:12
2026-04-14 17:51:22, EXEC, v:1, k:fup@vet_i, mode:FULL, rate:0, size:12
2026-04-14 17:51:24, EXEC, v:1, k:fup@vet_i, mode:FULL, rate:0, size:12
2026-04-14 17:51:33, EXEC, v:1, k:fup@vet_i, mode:FULL, rate:0, size:12
2026-04-14 17:51:34, EXEC, v:1, k:fup@vet_i, mode:FULL, rate:0
2026-04-14 17:51:35, EXEC, v:1, k:fup@vet_i, mode:FULL, rate:0
2026-04-14 17:51:41, EXEC, v:1, k:fup@vet_i, mode:FULL, rate:0, size:12
2026-04-14 17:51:42, EXEC, v:1, k:fup@vet_i, mode:FULL, rate:0
2026-04-14 17:51:43, EXEC, v:1, k:fup@vet_i, mode:FULL, rate:0
2026-04-14 17:51:47, EXEC, v:1, k:fup@vet_i, mode:FULL, rate:0, size:12
2026-04-14 17:51:50, EXEC, v:1, k:fup@vet_i, mode:FULL, rate:0
2026-04-14 17:51:51, EXEC, v:1, k:fup@vet_i, mode:FULL, rate:0
2026-04-14 17:51:56, EXEC, v:1, k:fup@vet_i, mode:FULL, rate:0
2026-04-14 17:51:57, EXEC, v:1, k:fup@vet_i, mode:FULL, rate:0, size:12
2026-04-14 17:52:01, EXEC, v:1, k:fup@vet_i, mode:FULL, rate:0
2026-04-14 17:52:03, EXEC, v:1, k:fup@vet_i, mode:FULL, rate:0, size:12
2026-04-14 17:53:14, EXEC, v:1, k:fup@vet_i, mode:FULL, rate:0, size:12
2026-04-14 17:53:24, EXEC, v:1, k:fup@vet_i, mode:FULL, rate:0, size:12
2026-04-14 17:53:25, EXEC, v:1, k:fup@vet_i, mode:FULL, rate:0
2026-04-14 17:53:26, EXEC, v:1, k:fup@vet_i, mode:FULL, rate:0
2026-04-14 17:53:34, EXEC, v:1, k:fup@vet_i, mode:FULL, size:12, fail:COMP
2026-04-14 17:53:35, EXEC, v:1, k:fup@vet_i, mode:FULL, rate:0, size:12
2026-04-14 17:53:36, EXEC, v:1, k:fup@vet_i, mode:FULL, rate:0
2026-04-14 17:53:56, EXEC, v:1, k:fup@vet_i, mode:FULL, rate:0, size:12
2026-04-14 17:53:56, MOVE, v:1, k:fup@vet_i, mode:EDIT
2026-04-14 17:53:56, MOVE, v:1, k:fup@vet_i, mode:EDIT
2026-04-14 17:56:31, EXEC, v:1, k:fup@vet_i, mode:FULL, rate:0, size:12
2026-04-14 17:56:32, EXEC, v:1, k:fup@vet_i, mode:FULL, rate:0
2026-04-14 17:56:56, EXEC, v:1, k:fup@vet_i, mode:FULL, rate:0, size:12
2026-04-14 17:57:13, EXEC, v:1, k:fup@vet_i, mode:FULL, rate:0, size:12
2026-04-14 17:57:12, MOVE, v:1, k:fup@vet_i, mode:EDIT
2026-04-14 17:57:13, MOVE, v:1, k:fup@vet_i, mode:EDIT
2026-04-14 18:01:10, MOVE, v:1, k:fup@vet_i, mode:BACK
2026-04-14 18:02:19, MOVE, v:1, k:fup@final, mode:PICK
2026-04-14 18:02:48, MOVE, v:1, k:fup@final, mode:BACK
2026-04-14 18:03:25, MOVE, v:1, k:fup@vet_i, mode:PICK
2026-04-14 18:03:35, EXEC, v:1, k:fup@vet_i, mode:FULL, rate:0
2026-04-14 18:03:35, MOVE, v:1, k:fup@vet_i, mode:EDIT
2026-04-14 18:04:14, MOVE, v:1, k:fup@vet_i, mode:EDIT
2026-04-14 18:04:39, EXEC, v:1, k:fup@vet_i, mode:FULL, size:12, fail:COMP
2026-04-14 18:04:40, EXEC, v:1, k:fup@vet_i, mode:FULL, rate:0, size:12
2026-04-14 18:04:58, MOVE, v:1, k:fup@vet_i, mode:EDIT
2026-04-14 18:04:40, MOVE, v:1, k:fup@vet_i, mode:EDIT
2026-04-14 18:10:12, EXEC, v:1, k:fup@vet_i, mode:FULL, rate:0, size:13
2026-04-14 18:10:14, EXEC, v:1, k:fup@vet_i, mode:FULL, rate:0
2026-04-14 18:10:14, EXEC, v:1, k:fup@vet_i, mode:FULL, rate:0
2026-04-14 18:09:59, MOVE, v:1, k:fup@vet_i, mode:EDIT
2026-04-14 18:10:14, MOVE, v:1, k:fup@vet_i, mode:EDIT
2026-04-14 18:15:51, EXEC, v:1, k:fup@vet_i, mode:FULL, rate:0
2026-04-14 18:16:41, MOVE, v:1, k:fup@vet_i, mode:BACK
